2023-07-03 12:58:22
Full thread dump OpenJDK 64-Bit Server VM (11.0.19+7-LTS mixed mode):

Threads class SMR info:
_java_thread_list=0x00007f5b740029f0, length=79, elements={
0x00007f5c24bb1000, 0x00007f5c24bb5800, 0x00007f5c24bd5000, 0x00007f5c24bd7000,
0x00007f5c24bd9000, 0x00007f5c24bdb000, 0x00007f5c24bdd000, 0x00007f5c24c7e800,
0x00007f5c25ef8000, 0x00007f5c25f67800, 0x00007f5c25f67000, 0x00007f5c2653e000,
0x00007f5c26ba9800, 0x00007f5c26087000, 0x00007f5c273c1000, 0x00007f5c27444000,
0x00007f5c2656e800, 0x00007f5c27053800, 0x00007f5c271a8000, 0x00007f5c2605d800,
0x00007f5c25737000, 0x00007f5c2606b000, 0x00007f5c26c29000, 0x00007f5c26fec000,
0x00007f5c26ff2000, 0x00007f5baffbf000, 0x00007f5b88012800, 0x00007f5bafff7800,
0x00007f5b90c4f000, 0x00007f5bac1dc800, 0x00007f5c27d0d000, 0x00007f5bafa95800,
0x00007f5bdc001000, 0x00007f5b5c011800, 0x00007f5b4401d800, 0x00007f5bacbfd000,
0x00007f5c255ca800, 0x00007f5c261ac800, 0x00007f5baddd2000, 0x00007f5bad2f0800,
0x00007f5c25290000, 0x00007f5c25425800, 0x00007f5bad3d7000, 0x00007f5c25594800,
0x00007f5c25f6e800, 0x00007f5bacbfb000, 0x00007f5bac2a4800, 0x00007f5bac2a5800,
0x00007f5bac1cb000, 0x00007f5bac1cd000, 0x00007f5bac1cf000, 0x00007f5c27527800,
0x00007f5c27528800, 0x00007f5bad2a5800, 0x00007f5b90307800, 0x00007f5b24001000,
0x00007f5c25cd7800, 0x00007f5c2402a800, 0x00007f5b0800e000, 0x00007f5b0800f000,
0x00007f5b0800a000, 0x00007f5b08307800, 0x00007f5b083ff800, 0x00007f5b08015000,
0x00007f5b21200800, 0x00007f5b1c6dc000, 0x00007f5b21248800, 0x00007f5b1c00f000,
0x00007f5b2124a000, 0x00007f5b140c5800, 0x00007f5b203e7000, 0x00007f5b14053800,
0x00007f5b203e8000, 0x00007f5b1c65b000, 0x00007f5b28001800, 0x00007f5b2070b800,
0x00007f5b20c7f000, 0x00007f5b21238800, 0x00007f5b19727000
}

"Reference Handler" #2 daemon prio=10 os_prio=0 cpu=40.53ms elapsed=205.33s tid=0x00007f5c24bb1000 nid=0xf waiting on condition  [0x00007f5c007f6000]
   java.lang.Thread.State: RUNNABLE
	at java.lang.ref.Reference.waitForReferencePendingList(java.base@11.0.19/Native Method)
	at java.lang.ref.Reference.processPendingReferences(java.base@11.0.19/Reference.java:241)
	at java.lang.ref.Reference$ReferenceHandler.run(java.base@11.0.19/Reference.java:213)

   Locked ownable synchronizers:
	- None

"Finalizer" #3 daemon prio=8 os_prio=0 cpu=0.67ms elapsed=205.33s tid=0x00007f5c24bb5800 nid=0x10 in Object.wait()  [0x00007f5c006f5000]
   java.lang.Thread.State: WAITING (on object monitor)
	at java.lang.Object.wait(java.base@11.0.19/Native Method)
	- waiting on <0x00000007402c0160> (a java.lang.ref.ReferenceQueue$Lock)
	at java.lang.ref.ReferenceQueue.remove(java.base@11.0.19/ReferenceQueue.java:155)
	- waiting to re-lock in wait() <0x00000007402c0160> (a java.lang.ref.ReferenceQueue$Lock)
	at java.lang.ref.ReferenceQueue.remove(java.base@11.0.19/ReferenceQueue.java:176)
	at java.lang.ref.Finalizer$FinalizerThread.run(java.base@11.0.19/Finalizer.java:170)

   Locked ownable synchronizers:
	- None

"Signal Dispatcher" #4 daemon prio=9 os_prio=0 cpu=0.29ms elapsed=205.31s tid=0x00007f5c24bd5000 nid=0x11 runnable  [0x0000000000000000]
   java.lang.Thread.State: RUNNABLE

   Locked ownable synchronizers:
	- None

"Service Thread" #5 daemon prio=9 os_prio=0 cpu=39.10ms elapsed=205.31s tid=0x00007f5c24bd7000 nid=0x12 runnable  [0x0000000000000000]
   java.lang.Thread.State: RUNNABLE

   Locked ownable synchronizers:
	- None

"C2 CompilerThread0" #6 daemon prio=9 os_prio=0 cpu=39683.81ms elapsed=205.31s tid=0x00007f5c24bd9000 nid=0x13 waiting on condition  [0x0000000000000000]
   java.lang.Thread.State: RUNNABLE
   No compile task

   Locked ownable synchronizers:
	- None

"C1 CompilerThread0" #7 daemon prio=9 os_prio=0 cpu=8251.62ms elapsed=205.31s tid=0x00007f5c24bdb000 nid=0x14 waiting on condition  [0x0000000000000000]
   java.lang.Thread.State: RUNNABLE
   No compile task

   Locked ownable synchronizers:
	- None

"Sweeper thread" #8 daemon prio=9 os_prio=0 cpu=114.00ms elapsed=205.31s tid=0x00007f5c24bdd000 nid=0x15 runnable  [0x0000000000000000]
   java.lang.Thread.State: RUNNABLE

   Locked ownable synchronizers:
	- None

"Common-Cleaner" #9 daemon prio=8 os_prio=0 cpu=91.16ms elapsed=205.28s tid=0x00007f5c24c7e800 nid=0x16 in Object.wait()  [0x00007f5bf9efd000]
   java.lang.Thread.State: TIMED_WAITING (on object monitor)
	at java.lang.Object.wait(java.base@11.0.19/Native Method)
	- waiting on <0x0000000740097498> (a java.lang.ref.ReferenceQueue$Lock)
	at java.lang.ref.ReferenceQueue.remove(java.base@11.0.19/ReferenceQueue.java:155)
	- waiting to re-lock in wait() <0x0000000740097498> (a java.lang.ref.ReferenceQueue$Lock)
	at jdk.internal.ref.CleanerImpl.run(java.base@11.0.19/CleanerImpl.java:148)
	at java.lang.Thread.run(java.base@11.0.19/Thread.java:829)
	at jdk.internal.misc.InnocuousThread.run(java.base@11.0.19/InnocuousThread.java:161)

   Locked ownable synchronizers:
	- None

"AsyncAppender-Worker-ASYNC_ROCKET_MQ" #17 daemon prio=5 os_prio=0 cpu=0.11ms elapsed=203.17s tid=0x00007f5c25ef8000 nid=0x1e waiting on condition  [0x00007f5bf93d2000]
   java.lang.Thread.State: WAITING (parking)
	at jdk.internal.misc.Unsafe.park(java.base@11.0.19/Native Method)
	- parking to wait for  <0x000000074082d998> (a java.util.concurrent.locks.AbstractQueuedSynchronizer$ConditionObject)
	at java.util.concurrent.locks.LockSupport.park(java.base@11.0.19/LockSupport.java:194)
	at java.util.concurrent.locks.AbstractQueuedSynchronizer$ConditionObject.await(java.base@11.0.19/AbstractQueuedSynchronizer.java:2081)
	at java.util.concurrent.ArrayBlockingQueue.take(java.base@11.0.19/ArrayBlockingQueue.java:417)
	at ch.qos.logback.core.AsyncAppenderBase$Worker.run(AsyncAppenderBase.java:289)

   Locked ownable synchronizers:
	- None

"AsyncAppender-Worker-ASYNC_GRPC_ACCESS" #18 daemon prio=5 os_prio=0 cpu=0.10ms elapsed=203.16s tid=0x00007f5c25f67800 nid=0x1f waiting on condition  [0x00007f5bf92d1000]
   java.lang.Thread.State: WAITING (parking)
	at jdk.internal.misc.Unsafe.park(java.base@11.0.19/Native Method)
	- parking to wait for  <0x0000000740825018> (a java.util.concurrent.locks.AbstractQueuedSynchronizer$ConditionObject)
	at java.util.concurrent.locks.LockSupport.park(java.base@11.0.19/LockSupport.java:194)
	at java.util.concurrent.locks.AbstractQueuedSynchronizer$ConditionObject.await(java.base@11.0.19/AbstractQueuedSynchronizer.java:2081)
	at java.util.concurrent.ArrayBlockingQueue.take(java.base@11.0.19/ArrayBlockingQueue.java:417)
	at ch.qos.logback.core.AsyncAppenderBase$Worker.run(AsyncAppenderBase.java:289)

   Locked ownable synchronizers:
	- None

"AsyncAppender-Worker-ASYNC_MYSQL" #19 daemon prio=5 os_prio=0 cpu=2.59ms elapsed=203.15s tid=0x00007f5c25f67000 nid=0x20 waiting on condition  [0x00007f5bf94d3000]
   java.lang.Thread.State: WAITING (parking)
	at jdk.internal.misc.Unsafe.park(java.base@11.0.19/Native Method)
	- parking to wait for  <0x000000074082dbf0> (a java.util.concurrent.locks.AbstractQueuedSynchronizer$ConditionObject)
	at java.util.concurrent.locks.LockSupport.park(java.base@11.0.19/LockSupport.java:194)
	at java.util.concurrent.locks.AbstractQueuedSynchronizer$ConditionObject.await(java.base@11.0.19/AbstractQueuedSynchronizer.java:2081)
	at java.util.concurrent.ArrayBlockingQueue.take(java.base@11.0.19/ArrayBlockingQueue.java:417)
	at ch.qos.logback.core.AsyncAppenderBase$Worker.run(AsyncAppenderBase.java:289)

   Locked ownable synchronizers:
	- None

"AsyncAppender-Worker-ASYNC_ERROR" #20 daemon prio=5 os_prio=0 cpu=41.40ms elapsed=203.15s tid=0x00007f5c2653e000 nid=0x21 waiting on condition  [0x00007f5bf90cf000]
   java.lang.Thread.State: WAITING (parking)
	at jdk.internal.misc.Unsafe.park(java.base@11.0.19/Native Method)
	- parking to wait for  <0x00000007408253a0> (a java.util.concurrent.locks.AbstractQueuedSynchronizer$ConditionObject)
	at java.util.concurrent.locks.LockSupport.park(java.base@11.0.19/LockSupport.java:194)
	at java.util.concurrent.locks.AbstractQueuedSynchronizer$ConditionObject.await(java.base@11.0.19/AbstractQueuedSynchronizer.java:2081)
	at java.util.concurrent.ArrayBlockingQueue.take(java.base@11.0.19/ArrayBlockingQueue.java:417)
	at ch.qos.logback.core.AsyncAppenderBase$Worker.run(AsyncAppenderBase.java:289)

   Locked ownable synchronizers:
	- None

"AsyncAppender-Worker-ASYNC_APP" #21 daemon prio=5 os_prio=0 cpu=103.54ms elapsed=203.15s tid=0x00007f5c26ba9800 nid=0x22 waiting on condition  [0x00007f5bf91d0000]
   java.lang.Thread.State: WAITING (parking)
	at jdk.internal.misc.Unsafe.park(java.base@11.0.19/Native Method)
	- parking to wait for  <0x00000007408425b8> (a java.util.concurrent.locks.AbstractQueuedSynchronizer$ConditionObject)
	at java.util.concurrent.locks.LockSupport.park(java.base@11.0.19/LockSupport.java:194)
	at java.util.concurrent.locks.AbstractQueuedSynchronizer$ConditionObject.await(java.base@11.0.19/AbstractQueuedSynchronizer.java:2081)
	at java.util.concurrent.ArrayBlockingQueue.take(java.base@11.0.19/ArrayBlockingQueue.java:417)
	at ch.qos.logback.core.AsyncAppenderBase$Worker.run(AsyncAppenderBase.java:289)

   Locked ownable synchronizers:
	- None

"Keep-Alive-Timer" #23 daemon prio=8 os_prio=0 cpu=3.33ms elapsed=202.67s tid=0x00007f5c26087000 nid=0x24 waiting on condition  [0x00007f5ba75df000]
   java.lang.Thread.State: TIMED_WAITING (sleeping)
	at java.lang.Thread.sleep(java.base@11.0.19/Native Method)
	at sun.net.www.http.KeepAliveCache.run(java.base@11.0.19/KeepAliveCache.java:220)
	at java.lang.Thread.run(java.base@11.0.19/Thread.java:829)
	at jdk.internal.misc.InnocuousThread.run(java.base@11.0.19/InnocuousThread.java:161)

   Locked ownable synchronizers:
	- None

"Apollo-ConfigServiceLocator-1" #24 daemon prio=5 os_prio=0 cpu=0.16ms elapsed=202.66s tid=0x00007f5c273c1000 nid=0x25 waiting on condition  [0x00007f5ba74de000]
   java.lang.Thread.State: TIMED_WAITING (parking)
	at jdk.internal.misc.Unsafe.park(java.base@11.0.19/Native Method)
	- parking to wait for  <0x00000007409b1fe0> (a java.util.concurrent.locks.AbstractQueuedSynchronizer$ConditionObject)
	at java.util.concurrent.locks.LockSupport.parkNanos(java.base@11.0.19/LockSupport.java:234)
	at java.util.concurrent.locks.AbstractQueuedSynchronizer$ConditionObject.awaitNanos(java.base@11.0.19/AbstractQueuedSynchronizer.java:2123)
	at java.util.concurrent.ScheduledThreadPoolExecutor$DelayedWorkQueue.take(java.base@11.0.19/ScheduledThreadPoolExecutor.java:1182)
	at java.util.concurrent.ScheduledThreadPoolExecutor$DelayedWorkQueue.take(java.base@11.0.19/ScheduledThreadPoolExecutor.java:899)
	at java.util.concurrent.ThreadPoolExecutor.getTask(java.base@11.0.19/ThreadPoolExecutor.java:1054)
	at java.util.concurrent.ThreadPoolExecutor.runWorker(java.base@11.0.19/ThreadPoolExecutor.java:1114)
	at java.util.concurrent.ThreadPoolExecutor$Worker.run(java.base@11.0.19/ThreadPoolExecutor.java:628)
	at java.lang.Thread.run(java.base@11.0.19/Thread.java:829)

   Locked ownable synchronizers:
	- None

"Apollo-RemoteConfigRepository-1" #25 daemon prio=5 os_prio=0 cpu=2.14ms elapsed=202.64s tid=0x00007f5c27444000 nid=0x26 waiting on condition  [0x00007f5ba73dd000]
   java.lang.Thread.State: TIMED_WAITING (parking)
	at jdk.internal.misc.Unsafe.park(java.base@11.0.19/Native Method)
	- parking to wait for  <0x00000007409b22b0> (a java.util.concurrent.locks.AbstractQueuedSynchronizer$ConditionObject)
	at java.util.concurrent.locks.LockSupport.parkNanos(java.base@11.0.19/LockSupport.java:234)
	at java.util.concurrent.locks.AbstractQueuedSynchronizer$ConditionObject.awaitNanos(java.base@11.0.19/AbstractQueuedSynchronizer.java:2123)
	at java.util.concurrent.ScheduledThreadPoolExecutor$DelayedWorkQueue.take(java.base@11.0.19/ScheduledThreadPoolExecutor.java:1182)
	at java.util.concurrent.ScheduledThreadPoolExecutor$DelayedWorkQueue.take(java.base@11.0.19/ScheduledThreadPoolExecutor.java:899)
	at java.util.concurrent.ThreadPoolExecutor.getTask(java.base@11.0.19/ThreadPoolExecutor.java:1054)
	at java.util.concurrent.ThreadPoolExecutor.runWorker(java.base@11.0.19/ThreadPoolExecutor.java:1114)
	at java.util.concurrent.ThreadPoolExecutor$Worker.run(java.base@11.0.19/ThreadPoolExecutor.java:628)
	at java.lang.Thread.run(java.base@11.0.19/Thread.java:829)

   Locked ownable synchronizers:
	- None

"Apollo-RemoteConfigLongPollService-1" #26 daemon prio=5 os_prio=0 cpu=13.86ms elapsed=202.64s tid=0x00007f5c2656e800 nid=0x27 runnable  [0x00007f5ba72db000]
   java.lang.Thread.State: RUNNABLE
	at java.net.SocketInputStream.socketRead0(java.base@11.0.19/Native Method)
	at java.net.SocketInputStream.socketRead(java.base@11.0.19/SocketInputStream.java:115)
	at java.net.SocketInputStream.read(java.base@11.0.19/SocketInputStream.java:168)
	at java.net.SocketInputStream.read(java.base@11.0.19/SocketInputStream.java:140)
	at java.io.BufferedInputStream.fill(java.base@11.0.19/BufferedInputStream.java:252)
	at java.io.BufferedInputStream.read1(java.base@11.0.19/BufferedInputStream.java:292)
	at java.io.BufferedInputStream.read(java.base@11.0.19/BufferedInputStream.java:351)
	- locked <0x00000007f4b82068> (a java.io.BufferedInputStream)
	at sun.net.www.http.HttpClient.parseHTTPHeader(java.base@11.0.19/HttpClient.java:787)
	at sun.net.www.http.HttpClient.parseHTTP(java.base@11.0.19/HttpClient.java:722)
	at sun.net.www.protocol.http.HttpURLConnection.getInputStream0(java.base@11.0.19/HttpURLConnection.java:1615)
	- locked <0x00000007f4b820a8> (a sun.net.www.protocol.http.HttpURLConnection)
	at sun.net.www.protocol.http.HttpURLConnection.getInputStream(java.base@11.0.19/HttpURLConnection.java:1520)
	- locked <0x00000007f4b820a8> (a sun.net.www.protocol.http.HttpURLConnection)
	at java.net.HttpURLConnection.getResponseCode(java.base@11.0.19/HttpURLConnection.java:527)
	at com.ctrip.framework.apollo.util.http.HttpUtil.doGetWithSerializeFunction(HttpUtil.java:103)
	at com.ctrip.framework.apollo.util.http.HttpUtil.doGet(HttpUtil.java:68)
	at com.ctrip.framework.apollo.internals.RemoteConfigLongPollService.doLongPollingRefresh(RemoteConfigLongPollService.java:173)
	at com.ctrip.framework.apollo.internals.RemoteConfigLongPollService.access$100(RemoteConfigLongPollService.java:49)
	at com.ctrip.framework.apollo.internals.RemoteConfigLongPollService$2.run(RemoteConfigLongPollService.java:123)
	at java.util.concurrent.Executors$RunnableAdapter.call(java.base@11.0.19/Executors.java:515)
	at java.util.concurrent.FutureTask.run(java.base@11.0.19/FutureTask.java:264)
	at java.util.concurrent.ThreadPoolExecutor.runWorker(java.base@11.0.19/ThreadPoolExecutor.java:1128)
	at java.util.concurrent.ThreadPoolExecutor$Worker.run(java.base@11.0.19/ThreadPoolExecutor.java:628)
	at java.lang.Thread.run(java.base@11.0.19/Thread.java:829)

   Locked ownable synchronizers:
	- <0x00000007409b4908> (a java.util.concurrent.ThreadPoolExecutor$Worker)

"mysql-cj-abandoned-connection-cleanup" #29 daemon prio=5 os_prio=0 cpu=2.25ms elapsed=195.72s tid=0x00007f5c27053800 nid=0x29 in Object.wait()  [0x00007f5bf87ac000]
   java.lang.Thread.State: TIMED_WAITING (on object monitor)
	at java.lang.Object.wait(java.base@11.0.19/Native Method)
	- waiting on <0x0000000742ef8b38> (a java.lang.ref.ReferenceQueue$Lock)
	at java.lang.ref.ReferenceQueue.remove(java.base@11.0.19/ReferenceQueue.java:155)
	- waiting to re-lock in wait() <0x0000000742ef8b38> (a java.lang.ref.ReferenceQueue$Lock)
	at com.mysql.cj.jdbc.AbandonedConnectionCleanupThread.run(AbandonedConnectionCleanupThread.java:85)
	at java.util.concurrent.ThreadPoolExecutor.runWorker(java.base@11.0.19/ThreadPoolExecutor.java:1128)
	at java.util.concurrent.ThreadPoolExecutor$Worker.run(java.base@11.0.19/ThreadPoolExecutor.java:628)
	at java.lang.Thread.run(java.base@11.0.19/Thread.java:829)

   Locked ownable synchronizers:
	- <0x0000000742ef8c48> (a java.util.concurrent.ThreadPoolExecutor$Worker)

"HikariPool-1 housekeeper" #30 daemon prio=5 os_prio=0 cpu=1.00ms elapsed=195.15s tid=0x00007f5c271a8000 nid=0x2a waiting on condition  [0x00007f5ba55db000]
   java.lang.Thread.State: TIMED_WAITING (parking)
	at jdk.internal.misc.Unsafe.park(java.base@11.0.19/Native Method)
	- parking to wait for  <0x0000000742ef8c78> (a java.util.concurrent.locks.AbstractQueuedSynchronizer$ConditionObject)
	at java.util.concurrent.locks.LockSupport.parkNanos(java.base@11.0.19/LockSupport.java:234)
	at java.util.concurrent.locks.AbstractQueuedSynchronizer$ConditionObject.awaitNanos(java.base@11.0.19/AbstractQueuedSynchronizer.java:2123)
	at java.util.concurrent.ScheduledThreadPoolExecutor$DelayedWorkQueue.take(java.base@11.0.19/ScheduledThreadPoolExecutor.java:1182)
	at java.util.concurrent.ScheduledThreadPoolExecutor$DelayedWorkQueue.take(java.base@11.0.19/ScheduledThreadPoolExecutor.java:899)
	at java.util.concurrent.ThreadPoolExecutor.getTask(java.base@11.0.19/ThreadPoolExecutor.java:1054)
	at java.util.concurrent.ThreadPoolExecutor.runWorker(java.base@11.0.19/ThreadPoolExecutor.java:1114)
	at java.util.concurrent.ThreadPoolExecutor$Worker.run(java.base@11.0.19/ThreadPoolExecutor.java:628)
	at java.lang.Thread.run(java.base@11.0.19/Thread.java:829)

   Locked ownable synchronizers:
	- None

"HikariPool-2 housekeeper" #33 daemon prio=5 os_prio=0 cpu=0.92ms elapsed=194.43s tid=0x00007f5c2605d800 nid=0x2c waiting on condition  [0x00007f5ba51d9000]
   java.lang.Thread.State: TIMED_WAITING (parking)
	at jdk.internal.misc.Unsafe.park(java.base@11.0.19/Native Method)
	- parking to wait for  <0x00000007430ca768> (a java.util.concurrent.locks.AbstractQueuedSynchronizer$ConditionObject)
	at java.util.concurrent.locks.LockSupport.parkNanos(java.base@11.0.19/LockSupport.java:234)
	at java.util.concurrent.locks.AbstractQueuedSynchronizer$ConditionObject.awaitNanos(java.base@11.0.19/AbstractQueuedSynchronizer.java:2123)
	at java.util.concurrent.ScheduledThreadPoolExecutor$DelayedWorkQueue.take(java.base@11.0.19/ScheduledThreadPoolExecutor.java:1182)
	at java.util.concurrent.ScheduledThreadPoolExecutor$DelayedWorkQueue.take(java.base@11.0.19/ScheduledThreadPoolExecutor.java:899)
	at java.util.concurrent.ThreadPoolExecutor.getTask(java.base@11.0.19/ThreadPoolExecutor.java:1054)
	at java.util.concurrent.ThreadPoolExecutor.runWorker(java.base@11.0.19/ThreadPoolExecutor.java:1114)
	at java.util.concurrent.ThreadPoolExecutor$Worker.run(java.base@11.0.19/ThreadPoolExecutor.java:628)
	at java.lang.Thread.run(java.base@11.0.19/Thread.java:829)

   Locked ownable synchronizers:
	- None

"HikariPool-3 housekeeper" #36 daemon prio=5 os_prio=0 cpu=0.95ms elapsed=194.18s tid=0x00007f5c25737000 nid=0x2e waiting on condition  [0x00007f5ba4fd7000]
   java.lang.Thread.State: TIMED_WAITING (parking)
	at jdk.internal.misc.Unsafe.park(java.base@11.0.19/Native Method)
	- parking to wait for  <0x00000007430cac30> (a java.util.concurrent.locks.AbstractQueuedSynchronizer$ConditionObject)
	at java.util.concurrent.locks.LockSupport.parkNanos(java.base@11.0.19/LockSupport.java:234)
	at java.util.concurrent.locks.AbstractQueuedSynchronizer$ConditionObject.awaitNanos(java.base@11.0.19/AbstractQueuedSynchronizer.java:2123)
	at java.util.concurrent.ScheduledThreadPoolExecutor$DelayedWorkQueue.take(java.base@11.0.19/ScheduledThreadPoolExecutor.java:1182)
	at java.util.concurrent.ScheduledThreadPoolExecutor$DelayedWorkQueue.take(java.base@11.0.19/ScheduledThreadPoolExecutor.java:899)
	at java.util.concurrent.ThreadPoolExecutor.getTask(java.base@11.0.19/ThreadPoolExecutor.java:1054)
	at java.util.concurrent.ThreadPoolExecutor.runWorker(java.base@11.0.19/ThreadPoolExecutor.java:1114)
	at java.util.concurrent.ThreadPoolExecutor$Worker.run(java.base@11.0.19/ThreadPoolExecutor.java:628)
	at java.lang.Thread.run(java.base@11.0.19/Thread.java:829)

   Locked ownable synchronizers:
	- None

"HikariPool-4 housekeeper" #39 daemon prio=5 os_prio=0 cpu=1.04ms elapsed=193.97s tid=0x00007f5c2606b000 nid=0x30 waiting on condition  [0x00007f5ba4dd5000]
   java.lang.Thread.State: TIMED_WAITING (parking)
	at jdk.internal.misc.Unsafe.park(java.base@11.0.19/Native Method)
	- parking to wait for  <0x000000074343dd80> (a java.util.concurrent.locks.AbstractQueuedSynchronizer$ConditionObject)
	at java.util.concurrent.locks.LockSupport.parkNanos(java.base@11.0.19/LockSupport.java:234)
	at java.util.concurrent.locks.AbstractQueuedSynchronizer$ConditionObject.awaitNanos(java.base@11.0.19/AbstractQueuedSynchronizer.java:2123)
	at java.util.concurrent.ScheduledThreadPoolExecutor$DelayedWorkQueue.take(java.base@11.0.19/ScheduledThreadPoolExecutor.java:1182)
	at java.util.concurrent.ScheduledThreadPoolExecutor$DelayedWorkQueue.take(java.base@11.0.19/ScheduledThreadPoolExecutor.java:899)
	at java.util.concurrent.ThreadPoolExecutor.getTask(java.base@11.0.19/ThreadPoolExecutor.java:1054)
	at java.util.concurrent.ThreadPoolExecutor.runWorker(java.base@11.0.19/ThreadPoolExecutor.java:1114)
	at java.util.concurrent.ThreadPoolExecutor$Worker.run(java.base@11.0.19/ThreadPoolExecutor.java:628)
	at java.lang.Thread.run(java.base@11.0.19/Thread.java:829)

   Locked ownable synchronizers:
	- None

"Apollo-SpringValueRegistry-1" #43 daemon prio=5 os_prio=0 cpu=6.37ms elapsed=190.79s tid=0x00007f5c26c29000 nid=0x33 waiting on condition  [0x00007f5ba418e000]
   java.lang.Thread.State: TIMED_WAITING (parking)
	at jdk.internal.misc.Unsafe.park(java.base@11.0.19/Native Method)
	- parking to wait for  <0x000000074394a4e0> (a java.util.concurrent.locks.AbstractQueuedSynchronizer$ConditionObject)
	at java.util.concurrent.locks.LockSupport.parkNanos(java.base@11.0.19/LockSupport.java:234)
	at java.util.concurrent.locks.AbstractQueuedSynchronizer$ConditionObject.awaitNanos(java.base@11.0.19/AbstractQueuedSynchronizer.java:2123)
	at java.util.concurrent.ScheduledThreadPoolExecutor$DelayedWorkQueue.take(java.base@11.0.19/ScheduledThreadPoolExecutor.java:1182)
	at java.util.concurrent.ScheduledThreadPoolExecutor$DelayedWorkQueue.take(java.base@11.0.19/ScheduledThreadPoolExecutor.java:899)
	at java.util.concurrent.ThreadPoolExecutor.getTask(java.base@11.0.19/ThreadPoolExecutor.java:1054)
	at java.util.concurrent.ThreadPoolExecutor.runWorker(java.base@11.0.19/ThreadPoolExecutor.java:1114)
	at java.util.concurrent.ThreadPoolExecutor$Worker.run(java.base@11.0.19/ThreadPoolExecutor.java:628)
	at java.lang.Thread.run(java.base@11.0.19/Thread.java:829)

   Locked ownable synchronizers:
	- None

"lettuce-eventExecutorLoop-1-1" #45 daemon prio=5 os_prio=0 cpu=16.10ms elapsed=190.25s tid=0x00007f5c26fec000 nid=0x34 waiting on condition  [0x00007f5b6b15f000]
   java.lang.Thread.State: TIMED_WAITING (parking)
	at jdk.internal.misc.Unsafe.park(java.base@11.0.19/Native Method)
	- parking to wait for  <0x0000000744320650> (a java.util.concurrent.locks.AbstractQueuedSynchronizer$ConditionObject)
	at java.util.concurrent.locks.LockSupport.parkNanos(java.base@11.0.19/LockSupport.java:234)
	at java.util.concurrent.locks.AbstractQueuedSynchronizer$ConditionObject.awaitNanos(java.base@11.0.19/AbstractQueuedSynchronizer.java:2123)
	at java.util.concurrent.LinkedBlockingQueue.poll(java.base@11.0.19/LinkedBlockingQueue.java:458)
	at io.netty.util.concurrent.SingleThreadEventExecutor.takeTask(SingleThreadEventExecutor.java:257)
	at io.netty.util.concurrent.DefaultEventExecutor.run(DefaultEventExecutor.java:64)
	at io.netty.util.concurrent.SingleThreadEventExecutor$4.run(SingleThreadEventExecutor.java:995)
	at io.netty.util.internal.ThreadExecutorMap$2.run(ThreadExecutorMap.java:74)
	at io.netty.util.concurrent.FastThreadLocalRunnable.run(FastThreadLocalRunnable.java:30)
	at java.lang.Thread.run(java.base@11.0.19/Thread.java:829)

   Locked ownable synchronizers:
	- None

"lettuce-timer-3-1" #44 daemon prio=5 os_prio=0 cpu=48.20ms elapsed=190.25s tid=0x00007f5c26ff2000 nid=0x35 sleeping [0x00007f5b6b05e000]
   java.lang.Thread.State: TIMED_WAITING (sleeping)
	at java.lang.Thread.sleep(java.base@11.0.19/Native Method)
	at io.netty.util.HashedWheelTimer$Worker.waitForNextTick(HashedWheelTimer.java:600)
	at io.netty.util.HashedWheelTimer$Worker.run(HashedWheelTimer.java:496)
	at io.netty.util.concurrent.FastThreadLocalRunnable.run(FastThreadLocalRunnable.java:30)
	at java.lang.Thread.run(java.base@11.0.19/Thread.java:829)

   Locked ownable synchronizers:
	- None

"Catalina-utility-1" #46 prio=1 os_prio=0 cpu=15.21ms elapsed=189.79s tid=0x00007f5baffbf000 nid=0x36 waiting on condition  [0x00007f5ba54da000]
   java.lang.Thread.State: WAITING (parking)
	at jdk.internal.misc.Unsafe.park(java.base@11.0.19/Native Method)
	- parking to wait for  <0x000000074396ec40> (a java.util.concurrent.locks.AbstractQueuedSynchronizer$ConditionObject)
	at java.util.concurrent.locks.LockSupport.park(java.base@11.0.19/LockSupport.java:194)
	at java.util.concurrent.locks.AbstractQueuedSynchronizer$ConditionObject.await(java.base@11.0.19/AbstractQueuedSynchronizer.java:2081)
	at java.util.concurrent.ScheduledThreadPoolExecutor$DelayedWorkQueue.take(java.base@11.0.19/ScheduledThreadPoolExecutor.java:1177)
	at java.util.concurrent.ScheduledThreadPoolExecutor$DelayedWorkQueue.take(java.base@11.0.19/ScheduledThreadPoolExecutor.java:899)
	at java.util.concurrent.ThreadPoolExecutor.getTask(java.base@11.0.19/ThreadPoolExecutor.java:1054)
	at java.util.concurrent.ThreadPoolExecutor.runWorker(java.base@11.0.19/ThreadPoolExecutor.java:1114)
	at java.util.concurrent.ThreadPoolExecutor$Worker.run(java.base@11.0.19/ThreadPoolExecutor.java:628)
	at org.apache.tomcat.util.threads.TaskThread$WrappingRunnable.run(TaskThread.java:61)
	at java.lang.Thread.run(java.base@11.0.19/Thread.java:829)

   Locked ownable synchronizers:
	- None

"Catalina-utility-2" #47 prio=1 os_prio=0 cpu=15.82ms elapsed=189.79s tid=0x00007f5b88012800 nid=0x37 waiting on condition  [0x00007f5b6af5d000]
   java.lang.Thread.State: TIMED_WAITING (parking)
	at jdk.internal.misc.Unsafe.park(java.base@11.0.19/Native Method)
	- parking to wait for  <0x000000074396ec40> (a java.util.concurrent.locks.AbstractQueuedSynchronizer$ConditionObject)
	at java.util.concurrent.locks.LockSupport.parkNanos(java.base@11.0.19/LockSupport.java:234)
	at java.util.concurrent.locks.AbstractQueuedSynchronizer$ConditionObject.awaitNanos(java.base@11.0.19/AbstractQueuedSynchronizer.java:2123)
	at java.util.concurrent.ScheduledThreadPoolExecutor$DelayedWorkQueue.take(java.base@11.0.19/ScheduledThreadPoolExecutor.java:1182)
	at java.util.concurrent.ScheduledThreadPoolExecutor$DelayedWorkQueue.take(java.base@11.0.19/ScheduledThreadPoolExecutor.java:899)
	at java.util.concurrent.ThreadPoolExecutor.getTask(java.base@11.0.19/ThreadPoolExecutor.java:1054)
	at java.util.concurrent.ThreadPoolExecutor.runWorker(java.base@11.0.19/ThreadPoolExecutor.java:1114)
	at java.util.concurrent.ThreadPoolExecutor$Worker.run(java.base@11.0.19/ThreadPoolExecutor.java:628)
	at org.apache.tomcat.util.threads.TaskThread$WrappingRunnable.run(TaskThread.java:61)
	at java.lang.Thread.run(java.base@11.0.19/Thread.java:829)

   Locked ownable synchronizers:
	- None

"container-0" #48 prio=5 os_prio=0 cpu=0.41ms elapsed=189.78s tid=0x00007f5bafff7800 nid=0x38 waiting on condition  [0x00007f5b6ae5c000]
   java.lang.Thread.State: TIMED_WAITING (sleeping)
	at java.lang.Thread.sleep(java.base@11.0.19/Native Method)
	at org.apache.catalina.core.StandardServer.await(StandardServer.java:563)
	at org.springframework.boot.web.embedded.tomcat.TomcatWebServer$1.run(TomcatWebServer.java:197)

   Locked ownable synchronizers:
	- None

"spring.cloud.inetutils" #49 daemon prio=5 os_prio=0 cpu=0.45ms elapsed=189.51s tid=0x00007f5b90c4f000 nid=0x39 waiting on condition  [0x00007f5b6ab5b000]
   java.lang.Thread.State: WAITING (parking)
	at jdk.internal.misc.Unsafe.park(java.base@11.0.19/Native Method)
	- parking to wait for  <0x000000074460b568> (a java.util.concurrent.locks.AbstractQueuedSynchronizer$ConditionObject)
	at java.util.concurrent.locks.LockSupport.park(java.base@11.0.19/LockSupport.java:194)
	at java.util.concurrent.locks.AbstractQueuedSynchronizer$ConditionObject.await(java.base@11.0.19/AbstractQueuedSynchronizer.java:2081)
	at java.util.concurrent.LinkedBlockingQueue.take(java.base@11.0.19/LinkedBlockingQueue.java:433)
	at java.util.concurrent.ThreadPoolExecutor.getTask(java.base@11.0.19/ThreadPoolExecutor.java:1054)
	at java.util.concurrent.ThreadPoolExecutor.runWorker(java.base@11.0.19/ThreadPoolExecutor.java:1114)
	at java.util.concurrent.ThreadPoolExecutor$Worker.run(java.base@11.0.19/ThreadPoolExecutor.java:628)
	at java.lang.Thread.run(java.base@11.0.19/Thread.java:829)

   Locked ownable synchronizers:
	- None

"pool-10-thread-1" #50 prio=5 os_prio=0 cpu=15.11ms elapsed=189.26s tid=0x00007f5bac1dc800 nid=0x3a waiting on condition  [0x00007f5b6aa5a000]
   java.lang.Thread.State: TIMED_WAITING (parking)
	at jdk.internal.misc.Unsafe.park(java.base@11.0.19/Native Method)
	- parking to wait for  <0x0000000743f621c8> (a java.util.concurrent.locks.AbstractQueuedSynchronizer$ConditionObject)
	at java.util.concurrent.locks.LockSupport.parkNanos(java.base@11.0.19/LockSupport.java:234)
	at java.util.concurrent.locks.AbstractQueuedSynchronizer$ConditionObject.awaitNanos(java.base@11.0.19/AbstractQueuedSynchronizer.java:2123)
	at java.util.concurrent.ScheduledThreadPoolExecutor$DelayedWorkQueue.take(java.base@11.0.19/ScheduledThreadPoolExecutor.java:1182)
	at java.util.concurrent.ScheduledThreadPoolExecutor$DelayedWorkQueue.take(java.base@11.0.19/ScheduledThreadPoolExecutor.java:899)
	at java.util.concurrent.ThreadPoolExecutor.getTask(java.base@11.0.19/ThreadPoolExecutor.java:1054)
	at java.util.concurrent.ThreadPoolExecutor.runWorker(java.base@11.0.19/ThreadPoolExecutor.java:1114)
	at java.util.concurrent.ThreadPoolExecutor$Worker.run(java.base@11.0.19/ThreadPoolExecutor.java:628)
	at java.lang.Thread.run(java.base@11.0.19/Thread.java:829)

   Locked ownable synchronizers:
	- None

"java-sdk-http-connection-reaper" #51 daemon prio=5 os_prio=0 cpu=0.82ms elapsed=187.82s tid=0x00007f5c27d0d000 nid=0x3b waiting on condition  [0x00007f5ba4cd4000]
   java.lang.Thread.State: TIMED_WAITING (sleeping)
	at java.lang.Thread.sleep(java.base@11.0.19/Native Method)
	at com.amazonaws.http.IdleConnectionReaper.run(IdleConnectionReaper.java:188)

   Locked ownable synchronizers:
	- None

"lettuce-epollEventLoop-4-1" #52 daemon prio=5 os_prio=0 cpu=392.56ms elapsed=187.19s tid=0x00007f5bafa95800 nid=0x51 runnable  [0x00007f5ba4ed6000]
   java.lang.Thread.State: RUNNABLE
	at io.netty.channel.epoll.Native.epollWait(Native Method)
	at io.netty.channel.epoll.Native.epollWait(Native.java:209)
	at io.netty.channel.epoll.Native.epollWait(Native.java:202)
	at io.netty.channel.epoll.EpollEventLoop.epollWaitNoTimerChange(EpollEventLoop.java:294)
	at io.netty.channel.epoll.EpollEventLoop.run(EpollEventLoop.java:351)
	at io.netty.util.concurrent.SingleThreadEventExecutor$4.run(SingleThreadEventExecutor.java:995)
	at io.netty.util.internal.ThreadExecutorMap$2.run(ThreadExecutorMap.java:74)
	at io.netty.util.concurrent.FastThreadLocalRunnable.run(FastThreadLocalRunnable.java:30)
	at java.lang.Thread.run(java.base@11.0.19/Thread.java:829)

   Locked ownable synchronizers:
	- None

"Attach Listener" #54 daemon prio=9 os_prio=0 cpu=0.75ms elapsed=186.87s tid=0x00007f5bdc001000 nid=0x56 waiting on condition  [0x0000000000000000]
   java.lang.Thread.State: RUNNABLE

   Locked ownable synchronizers:
	- None

"lettuce-epollEventLoop-4-2" #55 daemon prio=5 os_prio=0 cpu=254.34ms elapsed=186.78s tid=0x00007f5b5c011800 nid=0x57 runnable  [0x00007f5b69558000]
   java.lang.Thread.State: RUNNABLE
	at io.netty.channel.epoll.Native.epollWait(Native Method)
	at io.netty.channel.epoll.Native.epollWait(Native.java:209)
	at io.netty.channel.epoll.Native.epollWait(Native.java:202)
	at io.netty.channel.epoll.EpollEventLoop.epollWaitNoTimerChange(EpollEventLoop.java:294)
	at io.netty.channel.epoll.EpollEventLoop.run(EpollEventLoop.java:351)
	at io.netty.util.concurrent.SingleThreadEventExecutor$4.run(SingleThreadEventExecutor.java:995)
	at io.netty.util.internal.ThreadExecutorMap$2.run(ThreadExecutorMap.java:74)
	at io.netty.util.concurrent.FastThreadLocalRunnable.run(FastThreadLocalRunnable.java:30)
	at java.lang.Thread.run(java.base@11.0.19/Thread.java:829)

   Locked ownable synchronizers:
	- None

"lettuce-eventExecutorLoop-1-2" #56 daemon prio=5 os_prio=0 cpu=26.58ms elapsed=186.68s tid=0x00007f5b4401d800 nid=0x58 waiting on condition  [0x00007f5b69056000]
   java.lang.Thread.State: WAITING (parking)
	at jdk.internal.misc.Unsafe.park(java.base@11.0.19/Native Method)
	- parking to wait for  <0x000000074431fc80> (a java.util.concurrent.locks.AbstractQueuedSynchronizer$ConditionObject)
	at java.util.concurrent.locks.LockSupport.park(java.base@11.0.19/LockSupport.java:194)
	at java.util.concurrent.locks.AbstractQueuedSynchronizer$ConditionObject.await(java.base@11.0.19/AbstractQueuedSynchronizer.java:2081)
	at java.util.concurrent.LinkedBlockingQueue.take(java.base@11.0.19/LinkedBlockingQueue.java:433)
	at io.netty.util.concurrent.SingleThreadEventExecutor.takeTask(SingleThreadEventExecutor.java:244)
	at io.netty.util.concurrent.DefaultEventExecutor.run(DefaultEventExecutor.java:64)
	at io.netty.util.concurrent.SingleThreadEventExecutor$4.run(SingleThreadEventExecutor.java:995)
	at io.netty.util.internal.ThreadExecutorMap$2.run(ThreadExecutorMap.java:74)
	at io.netty.util.concurrent.FastThreadLocalRunnable.run(FastThreadLocalRunnable.java:30)
	at java.lang.Thread.run(java.base@11.0.19/Thread.java:829)

   Locked ownable synchronizers:
	- None

"HikariPool-5 housekeeper" #57 daemon prio=5 os_prio=0 cpu=1.24ms elapsed=182.52s tid=0x00007f5bacbfd000 nid=0x5b waiting on condition  [0x00007f5b68155000]
   java.lang.Thread.State: TIMED_WAITING (parking)
	at jdk.internal.misc.Unsafe.park(java.base@11.0.19/Native Method)
	- parking to wait for  <0x000000074691a890> (a java.util.concurrent.locks.AbstractQueuedSynchronizer$ConditionObject)
	at java.util.concurrent.locks.LockSupport.parkNanos(java.base@11.0.19/LockSupport.java:234)
	at java.util.concurrent.locks.AbstractQueuedSynchronizer$ConditionObject.awaitNanos(java.base@11.0.19/AbstractQueuedSynchronizer.java:2123)
	at java.util.concurrent.ScheduledThreadPoolExecutor$DelayedWorkQueue.take(java.base@11.0.19/ScheduledThreadPoolExecutor.java:1182)
	at java.util.concurrent.ScheduledThreadPoolExecutor$DelayedWorkQueue.take(java.base@11.0.19/ScheduledThreadPoolExecutor.java:899)
	at java.util.concurrent.ThreadPoolExecutor.getTask(java.base@11.0.19/ThreadPoolExecutor.java:1054)
	at java.util.concurrent.ThreadPoolExecutor.runWorker(java.base@11.0.19/ThreadPoolExecutor.java:1114)
	at java.util.concurrent.ThreadPoolExecutor$Worker.run(java.base@11.0.19/ThreadPoolExecutor.java:628)
	at java.lang.Thread.run(java.base@11.0.19/Thread.java:829)

   Locked ownable synchronizers:
	- None

"HikariPool-6 housekeeper" #58 daemon prio=5 os_prio=0 cpu=0.88ms elapsed=180.22s tid=0x00007f5c255ca800 nid=0x5c waiting on condition  [0x00007f5b42ffe000]
   java.lang.Thread.State: TIMED_WAITING (parking)
	at jdk.internal.misc.Unsafe.park(java.base@11.0.19/Native Method)
	- parking to wait for  <0x00000007474f25b0> (a java.util.concurrent.locks.AbstractQueuedSynchronizer$ConditionObject)
	at java.util.concurrent.locks.LockSupport.parkNanos(java.base@11.0.19/LockSupport.java:234)
	at java.util.concurrent.locks.AbstractQueuedSynchronizer$ConditionObject.awaitNanos(java.base@11.0.19/AbstractQueuedSynchronizer.java:2123)
	at java.util.concurrent.ScheduledThreadPoolExecutor$DelayedWorkQueue.take(java.base@11.0.19/ScheduledThreadPoolExecutor.java:1182)
	at java.util.concurrent.ScheduledThreadPoolExecutor$DelayedWorkQueue.take(java.base@11.0.19/ScheduledThreadPoolExecutor.java:899)
	at java.util.concurrent.ThreadPoolExecutor.getTask(java.base@11.0.19/ThreadPoolExecutor.java:1054)
	at java.util.concurrent.ThreadPoolExecutor.runWorker(java.base@11.0.19/ThreadPoolExecutor.java:1114)
	at java.util.concurrent.ThreadPoolExecutor$Worker.run(java.base@11.0.19/ThreadPoolExecutor.java:628)
	at java.lang.Thread.run(java.base@11.0.19/Thread.java:829)

   Locked ownable synchronizers:
	- None

"HikariPool-7 housekeeper" #59 daemon prio=5 os_prio=0 cpu=0.76ms elapsed=179.67s tid=0x00007f5c261ac800 nid=0x5d waiting on condition  [0x00007f5b42cfd000]
   java.lang.Thread.State: TIMED_WAITING (parking)
	at jdk.internal.misc.Unsafe.park(java.base@11.0.19/Native Method)
	- parking to wait for  <0x00000007477001d0> (a java.util.concurrent.locks.AbstractQueuedSynchronizer$ConditionObject)
	at java.util.concurrent.locks.LockSupport.parkNanos(java.base@11.0.19/LockSupport.java:234)
	at java.util.concurrent.locks.AbstractQueuedSynchronizer$ConditionObject.awaitNanos(java.base@11.0.19/AbstractQueuedSynchronizer.java:2123)
	at java.util.concurrent.ScheduledThreadPoolExecutor$DelayedWorkQueue.take(java.base@11.0.19/ScheduledThreadPoolExecutor.java:1182)
	at java.util.concurrent.ScheduledThreadPoolExecutor$DelayedWorkQueue.take(java.base@11.0.19/ScheduledThreadPoolExecutor.java:899)
	at java.util.concurrent.ThreadPoolExecutor.getTask(java.base@11.0.19/ThreadPoolExecutor.java:1054)
	at java.util.concurrent.ThreadPoolExecutor.runWorker(java.base@11.0.19/ThreadPoolExecutor.java:1114)
	at java.util.concurrent.ThreadPoolExecutor$Worker.run(java.base@11.0.19/ThreadPoolExecutor.java:628)
	at java.lang.Thread.run(java.base@11.0.19/Thread.java:829)

   Locked ownable synchronizers:
	- None

"Apache-HttpClient-Conn-Cleaner2" #60 daemon prio=5 os_prio=0 cpu=0.68ms elapsed=175.56s tid=0x00007f5baddd2000 nid=0x5e waiting on condition  [0x00007f5b423fc000]
   java.lang.Thread.State: TIMED_WAITING (parking)
	at jdk.internal.misc.Unsafe.park(java.base@11.0.19/Native Method)
	- parking to wait for  <0x0000000748be7258> (a java.util.concurrent.locks.AbstractQueuedSynchronizer$ConditionObject)
	at java.util.concurrent.locks.LockSupport.parkNanos(java.base@11.0.19/LockSupport.java:234)
	at java.util.concurrent.locks.AbstractQueuedSynchronizer$ConditionObject.awaitNanos(java.base@11.0.19/AbstractQueuedSynchronizer.java:2123)
	at java.util.concurrent.ScheduledThreadPoolExecutor$DelayedWorkQueue.take(java.base@11.0.19/ScheduledThreadPoolExecutor.java:1182)
	at java.util.concurrent.ScheduledThreadPoolExecutor$DelayedWorkQueue.take(java.base@11.0.19/ScheduledThreadPoolExecutor.java:899)
	at java.util.concurrent.ThreadPoolExecutor.getTask(java.base@11.0.19/ThreadPoolExecutor.java:1054)
	at java.util.concurrent.ThreadPoolExecutor.runWorker(java.base@11.0.19/ThreadPoolExecutor.java:1114)
	at java.util.concurrent.ThreadPoolExecutor$Worker.run(java.base@11.0.19/ThreadPoolExecutor.java:628)
	at java.lang.Thread.run(java.base@11.0.19/Thread.java:829)

   Locked ownable synchronizers:
	- None

"AsyncResolver-bootstrap-0" #61 daemon prio=5 os_prio=0 cpu=0.14ms elapsed=175.53s tid=0x00007f5bad2f0800 nid=0x5f waiting on condition  [0x00007f5b420fb000]
   java.lang.Thread.State: TIMED_WAITING (parking)
	at jdk.internal.misc.Unsafe.park(java.base@11.0.19/Native Method)
	- parking to wait for  <0x0000000748be74b0> (a java.util.concurrent.locks.AbstractQueuedSynchronizer$ConditionObject)
	at java.util.concurrent.locks.LockSupport.parkNanos(java.base@11.0.19/LockSupport.java:234)
	at java.util.concurrent.locks.AbstractQueuedSynchronizer$ConditionObject.awaitNanos(java.base@11.0.19/AbstractQueuedSynchronizer.java:2123)
	at java.util.concurrent.ScheduledThreadPoolExecutor$DelayedWorkQueue.take(java.base@11.0.19/ScheduledThreadPoolExecutor.java:1182)
	at java.util.concurrent.ScheduledThreadPoolExecutor$DelayedWorkQueue.take(java.base@11.0.19/ScheduledThreadPoolExecutor.java:899)
	at java.util.concurrent.ThreadPoolExecutor.getTask(java.base@11.0.19/ThreadPoolExecutor.java:1054)
	at java.util.concurrent.ThreadPoolExecutor.runWorker(java.base@11.0.19/ThreadPoolExecutor.java:1114)
	at java.util.concurrent.ThreadPoolExecutor$Worker.run(java.base@11.0.19/ThreadPoolExecutor.java:628)
	at java.lang.Thread.run(java.base@11.0.19/Thread.java:829)

   Locked ownable synchronizers:
	- None

"DiscoveryClient-0" #62 daemon prio=5 os_prio=0 cpu=3.99ms elapsed=175.37s tid=0x00007f5c25290000 nid=0x60 waiting on condition  [0x00007f5b41ffa000]
   java.lang.Thread.State: WAITING (parking)
	at jdk.internal.misc.Unsafe.park(java.base@11.0.19/Native Method)
	- parking to wait for  <0x00000007486b4430> (a java.util.concurrent.locks.AbstractQueuedSynchronizer$ConditionObject)
	at java.util.concurrent.locks.LockSupport.park(java.base@11.0.19/LockSupport.java:194)
	at java.util.concurrent.locks.AbstractQueuedSynchronizer$ConditionObject.await(java.base@11.0.19/AbstractQueuedSynchronizer.java:2081)
	at java.util.concurrent.ScheduledThreadPoolExecutor$DelayedWorkQueue.take(java.base@11.0.19/ScheduledThreadPoolExecutor.java:1177)
	at java.util.concurrent.ScheduledThreadPoolExecutor$DelayedWorkQueue.take(java.base@11.0.19/ScheduledThreadPoolExecutor.java:899)
	at java.util.concurrent.ThreadPoolExecutor.getTask(java.base@11.0.19/ThreadPoolExecutor.java:1054)
	at java.util.concurrent.ThreadPoolExecutor.runWorker(java.base@11.0.19/ThreadPoolExecutor.java:1114)
	at java.util.concurrent.ThreadPoolExecutor$Worker.run(java.base@11.0.19/ThreadPoolExecutor.java:628)
	at java.lang.Thread.run(java.base@11.0.19/Thread.java:829)

   Locked ownable synchronizers:
	- None

"DiscoveryClient-1" #63 daemon prio=5 os_prio=0 cpu=4.11ms elapsed=175.37s tid=0x00007f5c25425800 nid=0x61 waiting on condition  [0x00007f5b41ef9000]
   java.lang.Thread.State: TIMED_WAITING (parking)
	at jdk.internal.misc.Unsafe.park(java.base@11.0.19/Native Method)
	- parking to wait for  <0x00000007486b4430> (a java.util.concurrent.locks.AbstractQueuedSynchronizer$ConditionObject)
	at java.util.concurrent.locks.LockSupport.parkNanos(java.base@11.0.19/LockSupport.java:234)
	at java.util.concurrent.locks.AbstractQueuedSynchronizer$ConditionObject.awaitNanos(java.base@11.0.19/AbstractQueuedSynchronizer.java:2123)
	at java.util.concurrent.ScheduledThreadPoolExecutor$DelayedWorkQueue.take(java.base@11.0.19/ScheduledThreadPoolExecutor.java:1182)
	at java.util.concurrent.ScheduledThreadPoolExecutor$DelayedWorkQueue.take(java.base@11.0.19/ScheduledThreadPoolExecutor.java:899)
	at java.util.concurrent.ThreadPoolExecutor.getTask(java.base@11.0.19/ThreadPoolExecutor.java:1054)
	at java.util.concurrent.ThreadPoolExecutor.runWorker(java.base@11.0.19/ThreadPoolExecutor.java:1114)
	at java.util.concurrent.ThreadPoolExecutor$Worker.run(java.base@11.0.19/ThreadPoolExecutor.java:628)
	at java.lang.Thread.run(java.base@11.0.19/Thread.java:829)

   Locked ownable synchronizers:
	- None

"DiscoveryClient-InstanceInfoReplicator-0" #64 daemon prio=5 os_prio=0 cpu=32.76ms elapsed=175.37s tid=0x00007f5bad3d7000 nid=0x62 waiting on condition  [0x00007f5b41df8000]
   java.lang.Thread.State: TIMED_WAITING (parking)
	at jdk.internal.misc.Unsafe.park(java.base@11.0.19/Native Method)
	- parking to wait for  <0x0000000748beab20> (a java.util.concurrent.locks.AbstractQueuedSynchronizer$ConditionObject)
	at java.util.concurrent.locks.LockSupport.parkNanos(java.base@11.0.19/LockSupport.java:234)
	at java.util.concurrent.locks.AbstractQueuedSynchronizer$ConditionObject.awaitNanos(java.base@11.0.19/AbstractQueuedSynchronizer.java:2123)
	at java.util.concurrent.ScheduledThreadPoolExecutor$DelayedWorkQueue.take(java.base@11.0.19/ScheduledThreadPoolExecutor.java:1182)
	at java.util.concurrent.ScheduledThreadPoolExecutor$DelayedWorkQueue.take(java.base@11.0.19/ScheduledThreadPoolExecutor.java:899)
	at java.util.concurrent.ThreadPoolExecutor.getTask(java.base@11.0.19/ThreadPoolExecutor.java:1054)
	at java.util.concurrent.ThreadPoolExecutor.runWorker(java.base@11.0.19/ThreadPoolExecutor.java:1114)
	at java.util.concurrent.ThreadPoolExecutor$Worker.run(java.base@11.0.19/ThreadPoolExecutor.java:628)
	at java.lang.Thread.run(java.base@11.0.19/Thread.java:829)

   Locked ownable synchronizers:
	- None

"http-nio-7504-exec-1" #65 daemon prio=5 os_prio=0 cpu=567.91ms elapsed=175.34s tid=0x00007f5c25594800 nid=0x63 waiting on condition  [0x00007f5b41cf7000]
   java.lang.Thread.State: WAITING (parking)
	at jdk.internal.misc.Unsafe.park(java.base@11.0.19/Native Method)
	- parking to wait for  <0x0000000748bead80> (a java.util.concurrent.locks.AbstractQueuedSynchronizer$ConditionObject)
	at java.util.concurrent.locks.LockSupport.park(java.base@11.0.19/LockSupport.java:194)
	at java.util.concurrent.locks.AbstractQueuedSynchronizer$ConditionObject.await(java.base@11.0.19/AbstractQueuedSynchronizer.java:2081)
	at java.util.concurrent.LinkedBlockingQueue.take(java.base@11.0.19/LinkedBlockingQueue.java:433)
	at org.apache.tomcat.util.threads.TaskQueue.take(TaskQueue.java:146)
	at org.apache.tomcat.util.threads.TaskQueue.take(TaskQueue.java:33)
	at org.apache.tomcat.util.threads.ThreadPoolExecutor.getTask(ThreadPoolExecutor.java:1114)
	at org.apache.tomcat.util.threads.ThreadPoolExecutor.runWorker(ThreadPoolExecutor.java:1176)
	at org.apache.tomcat.util.threads.ThreadPoolExecutor$Worker.run(ThreadPoolExecutor.java:659)
	at org.apache.tomcat.util.threads.TaskThread$WrappingRunnable.run(TaskThread.java:61)
	at java.lang.Thread.run(java.base@11.0.19/Thread.java:829)

   Locked ownable synchronizers:
	- None

"http-nio-7504-exec-2" #66 daemon prio=5 os_prio=0 cpu=264.39ms elapsed=175.33s tid=0x00007f5c25f6e800 nid=0x64 waiting on condition  [0x00007f5b41bf6000]
   java.lang.Thread.State: WAITING (parking)
	at jdk.internal.misc.Unsafe.park(java.base@11.0.19/Native Method)
	- parking to wait for  <0x0000000748bead80> (a java.util.concurrent.locks.AbstractQueuedSynchronizer$ConditionObject)
	at java.util.concurrent.locks.LockSupport.park(java.base@11.0.19/LockSupport.java:194)
	at java.util.concurrent.locks.AbstractQueuedSynchronizer$ConditionObject.await(java.base@11.0.19/AbstractQueuedSynchronizer.java:2081)
	at java.util.concurrent.LinkedBlockingQueue.take(java.base@11.0.19/LinkedBlockingQueue.java:433)
	at org.apache.tomcat.util.threads.TaskQueue.take(TaskQueue.java:146)
	at org.apache.tomcat.util.threads.TaskQueue.take(TaskQueue.java:33)
	at org.apache.tomcat.util.threads.ThreadPoolExecutor.getTask(ThreadPoolExecutor.java:1114)
	at org.apache.tomcat.util.threads.ThreadPoolExecutor.runWorker(ThreadPoolExecutor.java:1176)
	at org.apache.tomcat.util.threads.ThreadPoolExecutor$Worker.run(ThreadPoolExecutor.java:659)
	at org.apache.tomcat.util.threads.TaskThread$WrappingRunnable.run(TaskThread.java:61)
	at java.lang.Thread.run(java.base@11.0.19/Thread.java:829)

   Locked ownable synchronizers:
	- None

"http-nio-7504-exec-3" #67 daemon prio=5 os_prio=0 cpu=576.40ms elapsed=175.33s tid=0x00007f5bacbfb000 nid=0x65 waiting on condition  [0x00007f5b41af5000]
   java.lang.Thread.State: WAITING (parking)
	at jdk.internal.misc.Unsafe.park(java.base@11.0.19/Native Method)
	- parking to wait for  <0x0000000748bead80> (a java.util.concurrent.locks.AbstractQueuedSynchronizer$ConditionObject)
	at java.util.concurrent.locks.LockSupport.park(java.base@11.0.19/LockSupport.java:194)
	at java.util.concurrent.locks.AbstractQueuedSynchronizer$ConditionObject.await(java.base@11.0.19/AbstractQueuedSynchronizer.java:2081)
	at java.util.concurrent.LinkedBlockingQueue.take(java.base@11.0.19/LinkedBlockingQueue.java:433)
	at org.apache.tomcat.util.threads.TaskQueue.take(TaskQueue.java:146)
	at org.apache.tomcat.util.threads.TaskQueue.take(TaskQueue.java:33)
	at org.apache.tomcat.util.threads.ThreadPoolExecutor.getTask(ThreadPoolExecutor.java:1114)
	at org.apache.tomcat.util.threads.ThreadPoolExecutor.runWorker(ThreadPoolExecutor.java:1176)
	at org.apache.tomcat.util.threads.ThreadPoolExecutor$Worker.run(ThreadPoolExecutor.java:659)
	at org.apache.tomcat.util.threads.TaskThread$WrappingRunnable.run(TaskThread.java:61)
	at java.lang.Thread.run(java.base@11.0.19/Thread.java:829)

   Locked ownable synchronizers:
	- None

"http-nio-7504-exec-4" #68 daemon prio=5 os_prio=0 cpu=281.51ms elapsed=175.33s tid=0x00007f5bac2a4800 nid=0x66 waiting on condition  [0x00007f5b419f4000]
   java.lang.Thread.State: WAITING (parking)
	at jdk.internal.misc.Unsafe.park(java.base@11.0.19/Native Method)
	- parking to wait for  <0x0000000748bead80> (a java.util.concurrent.locks.AbstractQueuedSynchronizer$ConditionObject)
	at java.util.concurrent.locks.LockSupport.park(java.base@11.0.19/LockSupport.java:194)
	at java.util.concurrent.locks.AbstractQueuedSynchronizer$ConditionObject.await(java.base@11.0.19/AbstractQueuedSynchronizer.java:2081)
	at java.util.concurrent.LinkedBlockingQueue.take(java.base@11.0.19/LinkedBlockingQueue.java:433)
	at org.apache.tomcat.util.threads.TaskQueue.take(TaskQueue.java:146)
	at org.apache.tomcat.util.threads.TaskQueue.take(TaskQueue.java:33)
	at org.apache.tomcat.util.threads.ThreadPoolExecutor.getTask(ThreadPoolExecutor.java:1114)
	at org.apache.tomcat.util.threads.ThreadPoolExecutor.runWorker(ThreadPoolExecutor.java:1176)
	at org.apache.tomcat.util.threads.ThreadPoolExecutor$Worker.run(ThreadPoolExecutor.java:659)
	at org.apache.tomcat.util.threads.TaskThread$WrappingRunnable.run(TaskThread.java:61)
	at java.lang.Thread.run(java.base@11.0.19/Thread.java:829)

   Locked ownable synchronizers:
	- None

"http-nio-7504-exec-5" #69 daemon prio=5 os_prio=0 cpu=239.58ms elapsed=175.33s tid=0x00007f5bac2a5800 nid=0x67 waiting on condition  [0x00007f5b418f3000]
   java.lang.Thread.State: WAITING (parking)
	at jdk.internal.misc.Unsafe.park(java.base@11.0.19/Native Method)
	- parking to wait for  <0x0000000748bead80> (a java.util.concurrent.locks.AbstractQueuedSynchronizer$ConditionObject)
	at java.util.concurrent.locks.LockSupport.park(java.base@11.0.19/LockSupport.java:194)
	at java.util.concurrent.locks.AbstractQueuedSynchronizer$ConditionObject.await(java.base@11.0.19/AbstractQueuedSynchronizer.java:2081)
	at java.util.concurrent.LinkedBlockingQueue.take(java.base@11.0.19/LinkedBlockingQueue.java:433)
	at org.apache.tomcat.util.threads.TaskQueue.take(TaskQueue.java:146)
	at org.apache.tomcat.util.threads.TaskQueue.take(TaskQueue.java:33)
	at org.apache.tomcat.util.threads.ThreadPoolExecutor.getTask(ThreadPoolExecutor.java:1114)
	at org.apache.tomcat.util.threads.ThreadPoolExecutor.runWorker(ThreadPoolExecutor.java:1176)
	at org.apache.tomcat.util.threads.ThreadPoolExecutor$Worker.run(ThreadPoolExecutor.java:659)
	at org.apache.tomcat.util.threads.TaskThread$WrappingRunnable.run(TaskThread.java:61)
	at java.lang.Thread.run(java.base@11.0.19/Thread.java:829)

   Locked ownable synchronizers:
	- None

"http-nio-7504-exec-6" #70 daemon prio=5 os_prio=0 cpu=312.60ms elapsed=175.33s tid=0x00007f5bac1cb000 nid=0x68 waiting on condition  [0x00007f5b417f2000]
   java.lang.Thread.State: WAITING (parking)
	at jdk.internal.misc.Unsafe.park(java.base@11.0.19/Native Method)
	- parking to wait for  <0x0000000748bead80> (a java.util.concurrent.locks.AbstractQueuedSynchronizer$ConditionObject)
	at java.util.concurrent.locks.LockSupport.park(java.base@11.0.19/LockSupport.java:194)
	at java.util.concurrent.locks.AbstractQueuedSynchronizer$ConditionObject.await(java.base@11.0.19/AbstractQueuedSynchronizer.java:2081)
	at java.util.concurrent.LinkedBlockingQueue.take(java.base@11.0.19/LinkedBlockingQueue.java:433)
	at org.apache.tomcat.util.threads.TaskQueue.take(TaskQueue.java:146)
	at org.apache.tomcat.util.threads.TaskQueue.take(TaskQueue.java:33)
	at org.apache.tomcat.util.threads.ThreadPoolExecutor.getTask(ThreadPoolExecutor.java:1114)
	at org.apache.tomcat.util.threads.ThreadPoolExecutor.runWorker(ThreadPoolExecutor.java:1176)
	at org.apache.tomcat.util.threads.ThreadPoolExecutor$Worker.run(ThreadPoolExecutor.java:659)
	at org.apache.tomcat.util.threads.TaskThread$WrappingRunnable.run(TaskThread.java:61)
	at java.lang.Thread.run(java.base@11.0.19/Thread.java:829)

   Locked ownable synchronizers:
	- None

"http-nio-7504-exec-7" #71 daemon prio=5 os_prio=0 cpu=192.27ms elapsed=175.33s tid=0x00007f5bac1cd000 nid=0x69 waiting on condition  [0x00007f5b416f1000]
   java.lang.Thread.State: WAITING (parking)
	at jdk.internal.misc.Unsafe.park(java.base@11.0.19/Native Method)
	- parking to wait for  <0x0000000748bead80> (a java.util.concurrent.locks.AbstractQueuedSynchronizer$ConditionObject)
	at java.util.concurrent.locks.LockSupport.park(java.base@11.0.19/LockSupport.java:194)
	at java.util.concurrent.locks.AbstractQueuedSynchronizer$ConditionObject.await(java.base@11.0.19/AbstractQueuedSynchronizer.java:2081)
	at java.util.concurrent.LinkedBlockingQueue.take(java.base@11.0.19/LinkedBlockingQueue.java:433)
	at org.apache.tomcat.util.threads.TaskQueue.take(TaskQueue.java:146)
	at org.apache.tomcat.util.threads.TaskQueue.take(TaskQueue.java:33)
	at org.apache.tomcat.util.threads.ThreadPoolExecutor.getTask(ThreadPoolExecutor.java:1114)
	at org.apache.tomcat.util.threads.ThreadPoolExecutor.runWorker(ThreadPoolExecutor.java:1176)
	at org.apache.tomcat.util.threads.ThreadPoolExecutor$Worker.run(ThreadPoolExecutor.java:659)
	at org.apache.tomcat.util.threads.TaskThread$WrappingRunnable.run(TaskThread.java:61)
	at java.lang.Thread.run(java.base@11.0.19/Thread.java:829)

   Locked ownable synchronizers:
	- None

"http-nio-7504-exec-8" #72 daemon prio=5 os_prio=0 cpu=171.22ms elapsed=175.33s tid=0x00007f5bac1cf000 nid=0x6a waiting on condition  [0x00007f5b415f0000]
   java.lang.Thread.State: WAITING (parking)
	at jdk.internal.misc.Unsafe.park(java.base@11.0.19/Native Method)
	- parking to wait for  <0x0000000748bead80> (a java.util.concurrent.locks.AbstractQueuedSynchronizer$ConditionObject)
	at java.util.concurrent.locks.LockSupport.park(java.base@11.0.19/LockSupport.java:194)
	at java.util.concurrent.locks.AbstractQueuedSynchronizer$ConditionObject.await(java.base@11.0.19/AbstractQueuedSynchronizer.java:2081)
	at java.util.concurrent.LinkedBlockingQueue.take(java.base@11.0.19/LinkedBlockingQueue.java:433)
	at org.apache.tomcat.util.threads.TaskQueue.take(TaskQueue.java:146)
	at org.apache.tomcat.util.threads.TaskQueue.take(TaskQueue.java:33)
	at org.apache.tomcat.util.threads.ThreadPoolExecutor.getTask(ThreadPoolExecutor.java:1114)
	at org.apache.tomcat.util.threads.ThreadPoolExecutor.runWorker(ThreadPoolExecutor.java:1176)
	at org.apache.tomcat.util.threads.ThreadPoolExecutor$Worker.run(ThreadPoolExecutor.java:659)
	at org.apache.tomcat.util.threads.TaskThread$WrappingRunnable.run(TaskThread.java:61)
	at java.lang.Thread.run(java.base@11.0.19/Thread.java:829)

   Locked ownable synchronizers:
	- None

"http-nio-7504-exec-9" #73 daemon prio=5 os_prio=0 cpu=154.55ms elapsed=175.33s tid=0x00007f5c27527800 nid=0x6b waiting on condition  [0x00007f5b414ef000]
   java.lang.Thread.State: WAITING (parking)
	at jdk.internal.misc.Unsafe.park(java.base@11.0.19/Native Method)
	- parking to wait for  <0x0000000748bead80> (a java.util.concurrent.locks.AbstractQueuedSynchronizer$ConditionObject)
	at java.util.concurrent.locks.LockSupport.park(java.base@11.0.19/LockSupport.java:194)
	at java.util.concurrent.locks.AbstractQueuedSynchronizer$ConditionObject.await(java.base@11.0.19/AbstractQueuedSynchronizer.java:2081)
	at java.util.concurrent.LinkedBlockingQueue.take(java.base@11.0.19/LinkedBlockingQueue.java:433)
	at org.apache.tomcat.util.threads.TaskQueue.take(TaskQueue.java:146)
	at org.apache.tomcat.util.threads.TaskQueue.take(TaskQueue.java:33)
	at org.apache.tomcat.util.threads.ThreadPoolExecutor.getTask(ThreadPoolExecutor.java:1114)
	at org.apache.tomcat.util.threads.ThreadPoolExecutor.runWorker(ThreadPoolExecutor.java:1176)
	at org.apache.tomcat.util.threads.ThreadPoolExecutor$Worker.run(ThreadPoolExecutor.java:659)
	at org.apache.tomcat.util.threads.TaskThread$WrappingRunnable.run(TaskThread.java:61)
	at java.lang.Thread.run(java.base@11.0.19/Thread.java:829)

   Locked ownable synchronizers:
	- None

"http-nio-7504-exec-10" #74 daemon prio=5 os_prio=0 cpu=187.72ms elapsed=175.33s tid=0x00007f5c27528800 nid=0x6c waiting on condition  [0x00007f5b413ee000]
   java.lang.Thread.State: WAITING (parking)
	at jdk.internal.misc.Unsafe.park(java.base@11.0.19/Native Method)
	- parking to wait for  <0x0000000748bead80> (a java.util.concurrent.locks.AbstractQueuedSynchronizer$ConditionObject)
	at java.util.concurrent.locks.LockSupport.park(java.base@11.0.19/LockSupport.java:194)
	at java.util.concurrent.locks.AbstractQueuedSynchronizer$ConditionObject.await(java.base@11.0.19/AbstractQueuedSynchronizer.java:2081)
	at java.util.concurrent.LinkedBlockingQueue.take(java.base@11.0.19/LinkedBlockingQueue.java:433)
	at org.apache.tomcat.util.threads.TaskQueue.take(TaskQueue.java:146)
	at org.apache.tomcat.util.threads.TaskQueue.take(TaskQueue.java:33)
	at org.apache.tomcat.util.threads.ThreadPoolExecutor.getTask(ThreadPoolExecutor.java:1114)
	at org.apache.tomcat.util.threads.ThreadPoolExecutor.runWorker(ThreadPoolExecutor.java:1176)
	at org.apache.tomcat.util.threads.ThreadPoolExecutor$Worker.run(ThreadPoolExecutor.java:659)
	at org.apache.tomcat.util.threads.TaskThread$WrappingRunnable.run(TaskThread.java:61)
	at java.lang.Thread.run(java.base@11.0.19/Thread.java:829)

   Locked ownable synchronizers:
	- None

"http-nio-7504-Poller" #75 daemon prio=5 os_prio=0 cpu=36.51ms elapsed=175.33s tid=0x00007f5bad2a5800 nid=0x6d runnable  [0x00007f5b412ed000]
   java.lang.Thread.State: RUNNABLE
	at sun.nio.ch.EPoll.wait(java.base@11.0.19/Native Method)
	at sun.nio.ch.EPollSelectorImpl.doSelect(java.base@11.0.19/EPollSelectorImpl.java:120)
	at sun.nio.ch.SelectorImpl.lockAndDoSelect(java.base@11.0.19/SelectorImpl.java:124)
	- locked <0x0000000748bf1928> (a sun.nio.ch.Util$2)
	- locked <0x0000000748bf18d0> (a sun.nio.ch.EPollSelectorImpl)
	at sun.nio.ch.SelectorImpl.select(java.base@11.0.19/SelectorImpl.java:136)
	at org.apache.tomcat.util.net.NioEndpoint$Poller.run(NioEndpoint.java:807)
	at java.lang.Thread.run(java.base@11.0.19/Thread.java:829)

   Locked ownable synchronizers:
	- None

"http-nio-7504-Acceptor" #76 daemon prio=5 os_prio=0 cpu=18.49ms elapsed=175.33s tid=0x00007f5b90307800 nid=0x6e runnable  [0x00007f5b411ec000]
   java.lang.Thread.State: RUNNABLE
	at sun.nio.ch.ServerSocketChannelImpl.accept0(java.base@11.0.19/Native Method)
	at sun.nio.ch.ServerSocketChannelImpl.accept(java.base@11.0.19/ServerSocketChannelImpl.java:533)
	at sun.nio.ch.ServerSocketChannelImpl.accept(java.base@11.0.19/ServerSocketChannelImpl.java:285)
	at org.apache.tomcat.util.net.NioEndpoint.serverSocketAccept(NioEndpoint.java:546)
	at org.apache.tomcat.util.net.NioEndpoint.serverSocketAccept(NioEndpoint.java:79)
	at org.apache.tomcat.util.net.Acceptor.run(Acceptor.java:129)
	at java.lang.Thread.run(java.base@11.0.19/Thread.java:829)

   Locked ownable synchronizers:
	- <0x0000000748bf2530> (a java.util.concurrent.locks.ReentrantLock$NonfairSync)

"DiscoveryClient-CacheRefreshExecutor-0" #77 daemon prio=5 os_prio=0 cpu=86.09ms elapsed=170.37s tid=0x00007f5b24001000 nid=0x70 waiting on condition  [0x00007f5b409e9000]
   java.lang.Thread.State: WAITING (parking)
	at jdk.internal.misc.Unsafe.park(java.base@11.0.19/Native Method)
	- parking to wait for  <0x00000007486b4278> (a java.util.concurrent.SynchronousQueue$TransferStack)
	at java.util.concurrent.locks.LockSupport.park(java.base@11.0.19/LockSupport.java:194)
	at java.util.concurrent.SynchronousQueue$TransferStack.awaitFulfill(java.base@11.0.19/SynchronousQueue.java:460)
	at java.util.concurrent.SynchronousQueue$TransferStack.transfer(java.base@11.0.19/SynchronousQueue.java:361)
	at java.util.concurrent.SynchronousQueue.take(java.base@11.0.19/SynchronousQueue.java:920)
	at java.util.concurrent.ThreadPoolExecutor.getTask(java.base@11.0.19/ThreadPoolExecutor.java:1054)
	at java.util.concurrent.ThreadPoolExecutor.runWorker(java.base@11.0.19/ThreadPoolExecutor.java:1114)
	at java.util.concurrent.ThreadPoolExecutor$Worker.run(java.base@11.0.19/ThreadPoolExecutor.java:628)
	at java.lang.Thread.run(java.base@11.0.19/Thread.java:829)

   Locked ownable synchronizers:
	- None

"pool-21-thread-1" #80 prio=5 os_prio=0 cpu=295.14ms elapsed=168.19s tid=0x00007f5c25cd7800 nid=0x73 waiting on condition  [0x00007f5b406e8000]
   java.lang.Thread.State: TIMED_WAITING (parking)
	at jdk.internal.misc.Unsafe.park(java.base@11.0.19/Native Method)
	- parking to wait for  <0x000000074b700380> (a java.util.concurrent.locks.AbstractQueuedSynchronizer$ConditionObject)
	at java.util.concurrent.locks.LockSupport.parkNanos(java.base@11.0.19/LockSupport.java:234)
	at java.util.concurrent.locks.AbstractQueuedSynchronizer$ConditionObject.awaitNanos(java.base@11.0.19/AbstractQueuedSynchronizer.java:2123)
	at java.util.concurrent.ScheduledThreadPoolExecutor$DelayedWorkQueue.take(java.base@11.0.19/ScheduledThreadPoolExecutor.java:1182)
	at java.util.concurrent.ScheduledThreadPoolExecutor$DelayedWorkQueue.take(java.base@11.0.19/ScheduledThreadPoolExecutor.java:899)
	at java.util.concurrent.ThreadPoolExecutor.getTask(java.base@11.0.19/ThreadPoolExecutor.java:1054)
	at java.util.concurrent.ThreadPoolExecutor.runWorker(java.base@11.0.19/ThreadPoolExecutor.java:1114)
	at java.util.concurrent.ThreadPoolExecutor$Worker.run(java.base@11.0.19/ThreadPoolExecutor.java:628)
	at java.lang.Thread.run(java.base@11.0.19/Thread.java:829)

   Locked ownable synchronizers:
	- None

"DestroyJavaVM" #81 prio=5 os_prio=0 cpu=29487.18ms elapsed=167.96s tid=0x00007f5c2402a800 nid=0x7 waiting on condition  [0x0000000000000000]
   java.lang.Thread.State: RUNNABLE

   Locked ownable synchronizers:
	- None

"etl-task-thread1" #82 prio=5 os_prio=0 cpu=162.52ms elapsed=167.73s tid=0x00007f5b0800e000 nid=0x74 waiting on condition  [0x00007f5b405e7000]
   java.lang.Thread.State: WAITING (parking)
	at jdk.internal.misc.Unsafe.park(java.base@11.0.19/Native Method)
	- parking to wait for  <0x0000000747525bf0> (a java.util.concurrent.locks.AbstractQueuedSynchronizer$ConditionObject)
	at java.util.concurrent.locks.LockSupport.park(java.base@11.0.19/LockSupport.java:194)
	at java.util.concurrent.locks.AbstractQueuedSynchronizer$ConditionObject.await(java.base@11.0.19/AbstractQueuedSynchronizer.java:2081)
	at java.util.concurrent.LinkedBlockingQueue.take(java.base@11.0.19/LinkedBlockingQueue.java:433)
	at java.util.concurrent.ThreadPoolExecutor.getTask(java.base@11.0.19/ThreadPoolExecutor.java:1054)
	at java.util.concurrent.ThreadPoolExecutor.runWorker(java.base@11.0.19/ThreadPoolExecutor.java:1114)
	at java.util.concurrent.ThreadPoolExecutor$Worker.run(java.base@11.0.19/ThreadPoolExecutor.java:628)
	at java.lang.Thread.run(java.base@11.0.19/Thread.java:829)

   Locked ownable synchronizers:
	- None

"etl-task-thread2" #84 prio=5 os_prio=0 cpu=142.59ms elapsed=166.74s tid=0x00007f5b0800f000 nid=0x76 waiting on condition  [0x00007f5b402e6000]
   java.lang.Thread.State: WAITING (parking)
	at jdk.internal.misc.Unsafe.park(java.base@11.0.19/Native Method)
	- parking to wait for  <0x0000000747525bf0> (a java.util.concurrent.locks.AbstractQueuedSynchronizer$ConditionObject)
	at java.util.concurrent.locks.LockSupport.park(java.base@11.0.19/LockSupport.java:194)
	at java.util.concurrent.locks.AbstractQueuedSynchronizer$ConditionObject.await(java.base@11.0.19/AbstractQueuedSynchronizer.java:2081)
	at java.util.concurrent.LinkedBlockingQueue.take(java.base@11.0.19/LinkedBlockingQueue.java:433)
	at java.util.concurrent.ThreadPoolExecutor.getTask(java.base@11.0.19/ThreadPoolExecutor.java:1054)
	at java.util.concurrent.ThreadPoolExecutor.runWorker(java.base@11.0.19/ThreadPoolExecutor.java:1114)
	at java.util.concurrent.ThreadPoolExecutor$Worker.run(java.base@11.0.19/ThreadPoolExecutor.java:628)
	at java.lang.Thread.run(java.base@11.0.19/Thread.java:829)

   Locked ownable synchronizers:
	- None

"pool-12-thread-1" #85 prio=5 os_prio=0 cpu=388.49ms elapsed=163.19s tid=0x00007f5b0800a000 nid=0x77 waiting on condition  [0x00007f5b401e5000]
   java.lang.Thread.State: WAITING (parking)
	at jdk.internal.misc.Unsafe.park(java.base@11.0.19/Native Method)
	- parking to wait for  <0x0000000743f62648> (a java.util.concurrent.locks.AbstractQueuedSynchronizer$ConditionObject)
	at java.util.concurrent.locks.LockSupport.park(java.base@11.0.19/LockSupport.java:194)
	at java.util.concurrent.locks.AbstractQueuedSynchronizer$ConditionObject.await(java.base@11.0.19/AbstractQueuedSynchronizer.java:2081)
	at java.util.concurrent.LinkedBlockingQueue.take(java.base@11.0.19/LinkedBlockingQueue.java:433)
	at java.util.concurrent.ThreadPoolExecutor.getTask(java.base@11.0.19/ThreadPoolExecutor.java:1054)
	at java.util.concurrent.ThreadPoolExecutor.runWorker(java.base@11.0.19/ThreadPoolExecutor.java:1114)
	at java.util.concurrent.ThreadPoolExecutor$Worker.run(java.base@11.0.19/ThreadPoolExecutor.java:628)
	at java.lang.Thread.run(java.base@11.0.19/Thread.java:829)

   Locked ownable synchronizers:
	- None

"grpc-default-worker-ELG-1-1" #86 daemon prio=5 os_prio=0 cpu=307.84ms elapsed=162.94s tid=0x00007f5b08307800 nid=0x78 runnable  [0x00007f5af39ee000]
   java.lang.Thread.State: RUNNABLE
	at io.grpc.netty.shaded.io.netty.channel.epoll.Native.epollWait(Native Method)
	at io.grpc.netty.shaded.io.netty.channel.epoll.Native.epollWait(Native.java:148)
	at io.grpc.netty.shaded.io.netty.channel.epoll.Native.epollWait(Native.java:141)
	at io.grpc.netty.shaded.io.netty.channel.epoll.EpollEventLoop.epollWaitNoTimerChange(EpollEventLoop.java:290)
	at io.grpc.netty.shaded.io.netty.channel.epoll.EpollEventLoop.run(EpollEventLoop.java:347)
	at io.grpc.netty.shaded.io.netty.util.concurrent.SingleThreadEventExecutor$4.run(SingleThreadEventExecutor.java:989)
	at io.grpc.netty.shaded.io.netty.util.internal.ThreadExecutorMap$2.run(ThreadExecutorMap.java:74)
	at io.grpc.netty.shaded.io.netty.util.concurrent.FastThreadLocalRunnable.run(FastThreadLocalRunnable.java:30)
	at java.lang.Thread.run(java.base@11.0.19/Thread.java:829)

   Locked ownable synchronizers:
	- None

"grpc-default-executor-0" #87 daemon prio=5 os_prio=0 cpu=237.13ms elapsed=162.93s tid=0x00007f5b083ff800 nid=0x79 waiting on condition  [0x00007f5af38ed000]
   java.lang.Thread.State: TIMED_WAITING (parking)
	at jdk.internal.misc.Unsafe.park(java.base@11.0.19/Native Method)
	- parking to wait for  <0x000000074b705280> (a java.util.concurrent.SynchronousQueue$TransferStack)
	at java.util.concurrent.locks.LockSupport.parkNanos(java.base@11.0.19/LockSupport.java:234)
	at java.util.concurrent.SynchronousQueue$TransferStack.awaitFulfill(java.base@11.0.19/SynchronousQueue.java:462)
	at java.util.concurrent.SynchronousQueue$TransferStack.transfer(java.base@11.0.19/SynchronousQueue.java:361)
	at java.util.concurrent.SynchronousQueue.poll(java.base@11.0.19/SynchronousQueue.java:937)
	at java.util.concurrent.ThreadPoolExecutor.getTask(java.base@11.0.19/ThreadPoolExecutor.java:1053)
	at java.util.concurrent.ThreadPoolExecutor.runWorker(java.base@11.0.19/ThreadPoolExecutor.java:1114)
	at java.util.concurrent.ThreadPoolExecutor$Worker.run(java.base@11.0.19/ThreadPoolExecutor.java:628)
	at java.lang.Thread.run(java.base@11.0.19/Thread.java:829)

   Locked ownable synchronizers:
	- None

"grpc-default-worker-ELG-1-2" #88 daemon prio=5 os_prio=0 cpu=457.84ms elapsed=162.93s tid=0x00007f5b08015000 nid=0x7a runnable  [0x00007f5af37ec000]
   java.lang.Thread.State: RUNNABLE
	at io.grpc.netty.shaded.io.netty.channel.epoll.Native.epollWait(Native Method)
	at io.grpc.netty.shaded.io.netty.channel.epoll.Native.epollWait(Native.java:148)
	at io.grpc.netty.shaded.io.netty.channel.epoll.Native.epollWait(Native.java:141)
	at io.grpc.netty.shaded.io.netty.channel.epoll.EpollEventLoop.epollWaitNoTimerChange(EpollEventLoop.java:290)
	at io.grpc.netty.shaded.io.netty.channel.epoll.EpollEventLoop.run(EpollEventLoop.java:347)
	at io.grpc.netty.shaded.io.netty.util.concurrent.SingleThreadEventExecutor$4.run(SingleThreadEventExecutor.java:989)
	at io.grpc.netty.shaded.io.netty.util.internal.ThreadExecutorMap$2.run(ThreadExecutorMap.java:74)
	at io.grpc.netty.shaded.io.netty.util.concurrent.FastThreadLocalRunnable.run(FastThreadLocalRunnable.java:30)
	at java.lang.Thread.run(java.base@11.0.19/Thread.java:829)

   Locked ownable synchronizers:
	- None

"grpc-client-app-0" #89 daemon prio=5 os_prio=0 cpu=0.48ms elapsed=162.75s tid=0x00007f5b21200800 nid=0x7b waiting on condition  [0x00007f5af34eb000]
   java.lang.Thread.State: WAITING (parking)
	at jdk.internal.misc.Unsafe.park(java.base@11.0.19/Native Method)
	- parking to wait for  <0x000000074b767ef0> (a java.util.concurrent.locks.AbstractQueuedSynchronizer$ConditionObject)
	at java.util.concurrent.locks.LockSupport.park(java.base@11.0.19/LockSupport.java:194)
	at java.util.concurrent.locks.AbstractQueuedSynchronizer$ConditionObject.await(java.base@11.0.19/AbstractQueuedSynchronizer.java:2081)
	at java.util.concurrent.ArrayBlockingQueue.take(java.base@11.0.19/ArrayBlockingQueue.java:417)
	at java.util.concurrent.ThreadPoolExecutor.getTask(java.base@11.0.19/ThreadPoolExecutor.java:1054)
	at java.util.concurrent.ThreadPoolExecutor.runWorker(java.base@11.0.19/ThreadPoolExecutor.java:1114)
	at java.util.concurrent.ThreadPoolExecutor$Worker.run(java.base@11.0.19/ThreadPoolExecutor.java:628)
	at java.lang.Thread.run(java.base@11.0.19/Thread.java:829)

   Locked ownable synchronizers:
	- None

"grpc-client-app-1" #90 daemon prio=5 os_prio=0 cpu=0.45ms elapsed=162.71s tid=0x00007f5b1c6dc000 nid=0x7c waiting on condition  [0x00007f5af33ea000]
   java.lang.Thread.State: WAITING (parking)
	at jdk.internal.misc.Unsafe.park(java.base@11.0.19/Native Method)
	- parking to wait for  <0x000000074b767ef0> (a java.util.concurrent.locks.AbstractQueuedSynchronizer$ConditionObject)
	at java.util.concurrent.locks.LockSupport.park(java.base@11.0.19/LockSupport.java:194)
	at java.util.concurrent.locks.AbstractQueuedSynchronizer$ConditionObject.await(java.base@11.0.19/AbstractQueuedSynchronizer.java:2081)
	at java.util.concurrent.ArrayBlockingQueue.take(java.base@11.0.19/ArrayBlockingQueue.java:417)
	at java.util.concurrent.ThreadPoolExecutor.getTask(java.base@11.0.19/ThreadPoolExecutor.java:1054)
	at java.util.concurrent.ThreadPoolExecutor.runWorker(java.base@11.0.19/ThreadPoolExecutor.java:1114)
	at java.util.concurrent.ThreadPoolExecutor$Worker.run(java.base@11.0.19/ThreadPoolExecutor.java:628)
	at java.lang.Thread.run(java.base@11.0.19/Thread.java:829)

   Locked ownable synchronizers:
	- None

"grpc-client-app-2" #91 daemon prio=5 os_prio=0 cpu=0.37ms elapsed=161.89s tid=0x00007f5b21248800 nid=0x7d waiting on condition  [0x00007f5af30e9000]
   java.lang.Thread.State: WAITING (parking)
	at jdk.internal.misc.Unsafe.park(java.base@11.0.19/Native Method)
	- parking to wait for  <0x000000074b767ef0> (a java.util.concurrent.locks.AbstractQueuedSynchronizer$ConditionObject)
	at java.util.concurrent.locks.LockSupport.park(java.base@11.0.19/LockSupport.java:194)
	at java.util.concurrent.locks.AbstractQueuedSynchronizer$ConditionObject.await(java.base@11.0.19/AbstractQueuedSynchronizer.java:2081)
	at java.util.concurrent.ArrayBlockingQueue.take(java.base@11.0.19/ArrayBlockingQueue.java:417)
	at java.util.concurrent.ThreadPoolExecutor.getTask(java.base@11.0.19/ThreadPoolExecutor.java:1054)
	at java.util.concurrent.ThreadPoolExecutor.runWorker(java.base@11.0.19/ThreadPoolExecutor.java:1114)
	at java.util.concurrent.ThreadPoolExecutor$Worker.run(java.base@11.0.19/ThreadPoolExecutor.java:628)
	at java.lang.Thread.run(java.base@11.0.19/Thread.java:829)

   Locked ownable synchronizers:
	- None

"grpc-client-app-3" #92 daemon prio=5 os_prio=0 cpu=0.39ms elapsed=161.88s tid=0x00007f5b1c00f000 nid=0x7e waiting on condition  [0x00007f5af2fe8000]
   java.lang.Thread.State: WAITING (parking)
	at jdk.internal.misc.Unsafe.park(java.base@11.0.19/Native Method)
	- parking to wait for  <0x000000074b767ef0> (a java.util.concurrent.locks.AbstractQueuedSynchronizer$ConditionObject)
	at java.util.concurrent.locks.LockSupport.park(java.base@11.0.19/LockSupport.java:194)
	at java.util.concurrent.locks.AbstractQueuedSynchronizer$ConditionObject.await(java.base@11.0.19/AbstractQueuedSynchronizer.java:2081)
	at java.util.concurrent.ArrayBlockingQueue.take(java.base@11.0.19/ArrayBlockingQueue.java:417)
	at java.util.concurrent.ThreadPoolExecutor.getTask(java.base@11.0.19/ThreadPoolExecutor.java:1054)
	at java.util.concurrent.ThreadPoolExecutor.runWorker(java.base@11.0.19/ThreadPoolExecutor.java:1114)
	at java.util.concurrent.ThreadPoolExecutor$Worker.run(java.base@11.0.19/ThreadPoolExecutor.java:628)
	at java.lang.Thread.run(java.base@11.0.19/Thread.java:829)

   Locked ownable synchronizers:
	- None

"grpc-client-app-4" #93 daemon prio=5 os_prio=0 cpu=0.39ms elapsed=161.62s tid=0x00007f5b2124a000 nid=0x7f waiting on condition  [0x00007f5af2ee7000]
   java.lang.Thread.State: WAITING (parking)
	at jdk.internal.misc.Unsafe.park(java.base@11.0.19/Native Method)
	- parking to wait for  <0x000000074b767ef0> (a java.util.concurrent.locks.AbstractQueuedSynchronizer$ConditionObject)
	at java.util.concurrent.locks.LockSupport.park(java.base@11.0.19/LockSupport.java:194)
	at java.util.concurrent.locks.AbstractQueuedSynchronizer$ConditionObject.await(java.base@11.0.19/AbstractQueuedSynchronizer.java:2081)
	at java.util.concurrent.ArrayBlockingQueue.take(java.base@11.0.19/ArrayBlockingQueue.java:417)
	at java.util.concurrent.ThreadPoolExecutor.getTask(java.base@11.0.19/ThreadPoolExecutor.java:1054)
	at java.util.concurrent.ThreadPoolExecutor.runWorker(java.base@11.0.19/ThreadPoolExecutor.java:1114)
	at java.util.concurrent.ThreadPoolExecutor$Worker.run(java.base@11.0.19/ThreadPoolExecutor.java:628)
	at java.lang.Thread.run(java.base@11.0.19/Thread.java:829)

   Locked ownable synchronizers:
	- None

"grpc-client-app-5" #94 daemon prio=5 os_prio=0 cpu=0.40ms elapsed=161.62s tid=0x00007f5b140c5800 nid=0x80 waiting on condition  [0x00007f5af2de6000]
   java.lang.Thread.State: WAITING (parking)
	at jdk.internal.misc.Unsafe.park(java.base@11.0.19/Native Method)
	- parking to wait for  <0x000000074b767ef0> (a java.util.concurrent.locks.AbstractQueuedSynchronizer$ConditionObject)
	at java.util.concurrent.locks.LockSupport.park(java.base@11.0.19/LockSupport.java:194)
	at java.util.concurrent.locks.AbstractQueuedSynchronizer$ConditionObject.await(java.base@11.0.19/AbstractQueuedSynchronizer.java:2081)
	at java.util.concurrent.ArrayBlockingQueue.take(java.base@11.0.19/ArrayBlockingQueue.java:417)
	at java.util.concurrent.ThreadPoolExecutor.getTask(java.base@11.0.19/ThreadPoolExecutor.java:1054)
	at java.util.concurrent.ThreadPoolExecutor.runWorker(java.base@11.0.19/ThreadPoolExecutor.java:1114)
	at java.util.concurrent.ThreadPoolExecutor$Worker.run(java.base@11.0.19/ThreadPoolExecutor.java:628)
	at java.lang.Thread.run(java.base@11.0.19/Thread.java:829)

   Locked ownable synchronizers:
	- None

"grpc-client-app-6" #97 daemon prio=5 os_prio=0 cpu=0.36ms elapsed=159.25s tid=0x00007f5b203e7000 nid=0x83 waiting on condition  [0x00007f5af2ce5000]
   java.lang.Thread.State: WAITING (parking)
	at jdk.internal.misc.Unsafe.park(java.base@11.0.19/Native Method)
	- parking to wait for  <0x000000074b767ef0> (a java.util.concurrent.locks.AbstractQueuedSynchronizer$ConditionObject)
	at java.util.concurrent.locks.LockSupport.park(java.base@11.0.19/LockSupport.java:194)
	at java.util.concurrent.locks.AbstractQueuedSynchronizer$ConditionObject.await(java.base@11.0.19/AbstractQueuedSynchronizer.java:2081)
	at java.util.concurrent.ArrayBlockingQueue.take(java.base@11.0.19/ArrayBlockingQueue.java:417)
	at java.util.concurrent.ThreadPoolExecutor.getTask(java.base@11.0.19/ThreadPoolExecutor.java:1054)
	at java.util.concurrent.ThreadPoolExecutor.runWorker(java.base@11.0.19/ThreadPoolExecutor.java:1114)
	at java.util.concurrent.ThreadPoolExecutor$Worker.run(java.base@11.0.19/ThreadPoolExecutor.java:628)
	at java.lang.Thread.run(java.base@11.0.19/Thread.java:829)

   Locked ownable synchronizers:
	- None

"grpc-client-app-7" #98 daemon prio=5 os_prio=0 cpu=0.31ms elapsed=159.25s tid=0x00007f5b14053800 nid=0x84 waiting on condition  [0x00007f5af2be4000]
   java.lang.Thread.State: WAITING (parking)
	at jdk.internal.misc.Unsafe.park(java.base@11.0.19/Native Method)
	- parking to wait for  <0x000000074b767ef0> (a java.util.concurrent.locks.AbstractQueuedSynchronizer$ConditionObject)
	at java.util.concurrent.locks.LockSupport.park(java.base@11.0.19/LockSupport.java:194)
	at java.util.concurrent.locks.AbstractQueuedSynchronizer$ConditionObject.await(java.base@11.0.19/AbstractQueuedSynchronizer.java:2081)
	at java.util.concurrent.ArrayBlockingQueue.take(java.base@11.0.19/ArrayBlockingQueue.java:417)
	at java.util.concurrent.ThreadPoolExecutor.getTask(java.base@11.0.19/ThreadPoolExecutor.java:1054)
	at java.util.concurrent.ThreadPoolExecutor.runWorker(java.base@11.0.19/ThreadPoolExecutor.java:1114)
	at java.util.concurrent.ThreadPoolExecutor$Worker.run(java.base@11.0.19/ThreadPoolExecutor.java:628)
	at java.lang.Thread.run(java.base@11.0.19/Thread.java:829)

   Locked ownable synchronizers:
	- None

"grpc-client-app-8" #99 daemon prio=5 os_prio=0 cpu=0.41ms elapsed=159.24s tid=0x00007f5b203e8000 nid=0x85 waiting on condition  [0x00007f5af2ae3000]
   java.lang.Thread.State: WAITING (parking)
	at jdk.internal.misc.Unsafe.park(java.base@11.0.19/Native Method)
	- parking to wait for  <0x000000074b767ef0> (a java.util.concurrent.locks.AbstractQueuedSynchronizer$ConditionObject)
	at java.util.concurrent.locks.LockSupport.park(java.base@11.0.19/LockSupport.java:194)
	at java.util.concurrent.locks.AbstractQueuedSynchronizer$ConditionObject.await(java.base@11.0.19/AbstractQueuedSynchronizer.java:2081)
	at java.util.concurrent.ArrayBlockingQueue.take(java.base@11.0.19/ArrayBlockingQueue.java:417)
	at java.util.concurrent.ThreadPoolExecutor.getTask(java.base@11.0.19/ThreadPoolExecutor.java:1054)
	at java.util.concurrent.ThreadPoolExecutor.runWorker(java.base@11.0.19/ThreadPoolExecutor.java:1114)
	at java.util.concurrent.ThreadPoolExecutor$Worker.run(java.base@11.0.19/ThreadPoolExecutor.java:628)
	at java.lang.Thread.run(java.base@11.0.19/Thread.java:829)

   Locked ownable synchronizers:
	- None

"grpc-client-app-9" #100 daemon prio=5 os_prio=0 cpu=0.34ms elapsed=159.24s tid=0x00007f5b1c65b000 nid=0x86 waiting on condition  [0x00007f5af29e2000]
   java.lang.Thread.State: WAITING (parking)
	at jdk.internal.misc.Unsafe.park(java.base@11.0.19/Native Method)
	- parking to wait for  <0x000000074b767ef0> (a java.util.concurrent.locks.AbstractQueuedSynchronizer$ConditionObject)
	at java.util.concurrent.locks.LockSupport.park(java.base@11.0.19/LockSupport.java:194)
	at java.util.concurrent.locks.AbstractQueuedSynchronizer$ConditionObject.await(java.base@11.0.19/AbstractQueuedSynchronizer.java:2081)
	at java.util.concurrent.ArrayBlockingQueue.take(java.base@11.0.19/ArrayBlockingQueue.java:417)
	at java.util.concurrent.ThreadPoolExecutor.getTask(java.base@11.0.19/ThreadPoolExecutor.java:1054)
	at java.util.concurrent.ThreadPoolExecutor.runWorker(java.base@11.0.19/ThreadPoolExecutor.java:1114)
	at java.util.concurrent.ThreadPoolExecutor$Worker.run(java.base@11.0.19/ThreadPoolExecutor.java:628)
	at java.lang.Thread.run(java.base@11.0.19/Thread.java:829)

   Locked ownable synchronizers:
	- None

"DiscoveryClient-HeartbeatExecutor-0" #107 daemon prio=5 os_prio=0 cpu=8.85ms elapsed=145.37s tid=0x00007f5b28001800 nid=0x8d waiting on condition  [0x00007f5af28e1000]
   java.lang.Thread.State: WAITING (parking)
	at jdk.internal.misc.Unsafe.park(java.base@11.0.19/Native Method)
	- parking to wait for  <0x00000007486b4078> (a java.util.concurrent.SynchronousQueue$TransferStack)
	at java.util.concurrent.locks.LockSupport.park(java.base@11.0.19/LockSupport.java:194)
	at java.util.concurrent.SynchronousQueue$TransferStack.awaitFulfill(java.base@11.0.19/SynchronousQueue.java:460)
	at java.util.concurrent.SynchronousQueue$TransferStack.transfer(java.base@11.0.19/SynchronousQueue.java:361)
	at java.util.concurrent.SynchronousQueue.take(java.base@11.0.19/SynchronousQueue.java:920)
	at java.util.concurrent.ThreadPoolExecutor.getTask(java.base@11.0.19/ThreadPoolExecutor.java:1054)
	at java.util.concurrent.ThreadPoolExecutor.runWorker(java.base@11.0.19/ThreadPoolExecutor.java:1114)
	at java.util.concurrent.ThreadPoolExecutor$Worker.run(java.base@11.0.19/ThreadPoolExecutor.java:628)
	at java.lang.Thread.run(java.base@11.0.19/Thread.java:829)

   Locked ownable synchronizers:
	- None

"boundedElastic-evictor-1" #112 daemon prio=5 os_prio=0 cpu=0.33ms elapsed=137.55s tid=0x00007f5b2070b800 nid=0x92 waiting on condition  [0x00007f5af25e0000]
   java.lang.Thread.State: TIMED_WAITING (parking)
	at jdk.internal.misc.Unsafe.park(java.base@11.0.19/Native Method)
	- parking to wait for  <0x00000007f4ad09a0> (a java.util.concurrent.locks.AbstractQueuedSynchronizer$ConditionObject)
	at java.util.concurrent.locks.LockSupport.parkNanos(java.base@11.0.19/LockSupport.java:234)
	at java.util.concurrent.locks.AbstractQueuedSynchronizer$ConditionObject.awaitNanos(java.base@11.0.19/AbstractQueuedSynchronizer.java:2123)
	at java.util.concurrent.ScheduledThreadPoolExecutor$DelayedWorkQueue.take(java.base@11.0.19/ScheduledThreadPoolExecutor.java:1182)
	at java.util.concurrent.ScheduledThreadPoolExecutor$DelayedWorkQueue.take(java.base@11.0.19/ScheduledThreadPoolExecutor.java:899)
	at java.util.concurrent.ThreadPoolExecutor.getTask(java.base@11.0.19/ThreadPoolExecutor.java:1054)
	at java.util.concurrent.ThreadPoolExecutor.runWorker(java.base@11.0.19/ThreadPoolExecutor.java:1114)
	at java.util.concurrent.ThreadPoolExecutor$Worker.run(java.base@11.0.19/ThreadPoolExecutor.java:628)
	at java.lang.Thread.run(java.base@11.0.19/Thread.java:829)

   Locked ownable synchronizers:
	- None

"boundedElastic-1" #113 daemon prio=5 os_prio=0 cpu=0.28ms elapsed=137.53s tid=0x00007f5b20c7f000 nid=0x93 waiting on condition  [0x00007f5af24df000]
   java.lang.Thread.State: WAITING (parking)
	at jdk.internal.misc.Unsafe.park(java.base@11.0.19/Native Method)
	- parking to wait for  <0x00000007f4ad0bf8> (a java.util.concurrent.locks.AbstractQueuedSynchronizer$ConditionObject)
	at java.util.concurrent.locks.LockSupport.park(java.base@11.0.19/LockSupport.java:194)
	at java.util.concurrent.locks.AbstractQueuedSynchronizer$ConditionObject.await(java.base@11.0.19/AbstractQueuedSynchronizer.java:2081)
	at java.util.concurrent.ScheduledThreadPoolExecutor$DelayedWorkQueue.take(java.base@11.0.19/ScheduledThreadPoolExecutor.java:1170)
	at java.util.concurrent.ScheduledThreadPoolExecutor$DelayedWorkQueue.take(java.base@11.0.19/ScheduledThreadPoolExecutor.java:899)
	at java.util.concurrent.ThreadPoolExecutor.getTask(java.base@11.0.19/ThreadPoolExecutor.java:1054)
	at java.util.concurrent.ThreadPoolExecutor.runWorker(java.base@11.0.19/ThreadPoolExecutor.java:1114)
	at java.util.concurrent.ThreadPoolExecutor$Worker.run(java.base@11.0.19/ThreadPoolExecutor.java:628)
	at java.lang.Thread.run(java.base@11.0.19/Thread.java:829)

   Locked ownable synchronizers:
	- None

"ForkJoinPool.commonPool-worker-3" #114 daemon prio=5 os_prio=0 cpu=6.68ms elapsed=137.52s tid=0x00007f5b21238800 nid=0x94 waiting on condition  [0x00007f5af23de000]
   java.lang.Thread.State: WAITING (parking)
	at jdk.internal.misc.Unsafe.park(java.base@11.0.19/Native Method)
	- parking to wait for  <0x0000000743a57d20> (a java.util.concurrent.ForkJoinPool)
	at java.util.concurrent.locks.LockSupport.park(java.base@11.0.19/LockSupport.java:194)
	at java.util.concurrent.ForkJoinPool.runWorker(java.base@11.0.19/ForkJoinPool.java:1628)
	at java.util.concurrent.ForkJoinWorkerThread.run(java.base@11.0.19/ForkJoinWorkerThread.java:183)

   Locked ownable synchronizers:
	- None

"pool-11-thread-1" #119 prio=5 os_prio=0 cpu=2.03ms elapsed=129.14s tid=0x00007f5b19727000 nid=0x99 waiting on condition  [0x00007f5af20dd000]
   java.lang.Thread.State: TIMED_WAITING (parking)
	at jdk.internal.misc.Unsafe.park(java.base@11.0.19/Native Method)
	- parking to wait for  <0x0000000743f62468> (a java.util.concurrent.locks.AbstractQueuedSynchronizer$ConditionObject)
	at java.util.concurrent.locks.LockSupport.parkNanos(java.base@11.0.19/LockSupport.java:234)
	at java.util.concurrent.locks.AbstractQueuedSynchronizer$ConditionObject.awaitNanos(java.base@11.0.19/AbstractQueuedSynchronizer.java:2123)
	at java.util.concurrent.ScheduledThreadPoolExecutor$DelayedWorkQueue.take(java.base@11.0.19/ScheduledThreadPoolExecutor.java:1182)
	at java.util.concurrent.ScheduledThreadPoolExecutor$DelayedWorkQueue.take(java.base@11.0.19/ScheduledThreadPoolExecutor.java:899)
	at java.util.concurrent.ThreadPoolExecutor.getTask(java.base@11.0.19/ThreadPoolExecutor.java:1054)
	at java.util.concurrent.ThreadPoolExecutor.runWorker(java.base@11.0.19/ThreadPoolExecutor.java:1114)
	at java.util.concurrent.ThreadPoolExecutor$Worker.run(java.base@11.0.19/ThreadPoolExecutor.java:628)
	at java.lang.Thread.run(java.base@11.0.19/Thread.java:829)

   Locked ownable synchronizers:
	- None

"VM Thread" os_prio=0 cpu=715.50ms elapsed=205.34s tid=0x00007f5c24ba9000 nid=0xe runnable  

"GC Thread#0" os_prio=0 cpu=2138.93ms elapsed=206.54s tid=0x00007f5c24042000 nid=0x8 runnable  

"GC Thread#1" os_prio=0 cpu=2662.52ms elapsed=206.54s tid=0x00007f5c24097800 nid=0xb runnable  

"G1 Main Marker" os_prio=0 cpu=14.50ms elapsed=206.54s tid=0x00007f5c2408b800 nid=0x9 runnable  

"G1 Conc#0" os_prio=0 cpu=661.47ms elapsed=206.54s tid=0x00007f5c2408d800 nid=0xa runnable  

"G1 Refine#0" os_prio=0 cpu=275.29ms elapsed=205.37s tid=0x00007f5c24add800 nid=0xc runnable  

"G1 Refine#1" os_prio=0 cpu=2.53ms elapsed=174.69s tid=0x00007f5be8011800 nid=0x6f runnable  

"G1 Young RemSet Sampling" os_prio=0 cpu=62.99ms elapsed=205.37s tid=0x00007f5c24adf800 nid=0xd runnable  
"VM Periodic Task Thread" os_prio=0 cpu=60.39ms elapsed=205.27s tid=0x00007f5c24c84000 nid=0x17 waiting on condition  

JNI global refs: 50, weak refs: 0

